   1              		.file	"timers.c"
   2              		.text
   3              		.align	2
   4              		.global	pvTimerGetTimerID
   6              	pvTimerGetTimerID:
   7              		@ args = 0, pretend = 0, frame = 0
   8              		@ frame_needed = 0, uses_anonymous_args = 0
   9              		@ link register save eliminated.
  10 0000 200090E5 		ldr	r0, [r0, #32]
  11 0004 1EFF2FE1 		bx	lr
  13              		.align	2
  14              		.global	xTimerIsTimerActive
  16              	xTimerIsTimerActive:
  17              		@ args = 0, pretend = 0, frame = 0
  18              		@ frame_needed = 0, uses_anonymous_args = 0
  19 0008 10402DE9 		stmfd	sp!, {r4, lr}
  20 000c 0040A0E1 		mov	r4, r0
  21 0010 FEFFFFEB 		bl	vPortEnterCritical
  22 0014 144094E5 		ldr	r4, [r4, #20]
  23 0018 004054E2 		subs	r4, r4, #0
  24 001c 0140A013 		movne	r4, #1
  25 0020 FEFFFFEB 		bl	vPortExitCritical
  26 0024 0400A0E1 		mov	r0, r4
  27 0028 1080BDE8 		ldmfd	sp!, {r4, pc}
  29              		.align	2
  30              		.global	xTimerGenericCommand
  32              	xTimerGenericCommand:
  33              		@ args = 4, pretend = 0, frame = 12
  34              		@ frame_needed = 0, uses_anonymous_args = 0
  35 002c 30402DE9 		stmfd	sp!, {r4, r5, lr}
  36 0030 70509FE5 		ldr	r5, .L12
  37 0034 00C095E5 		ldr	ip, [r5, #0]
  38 0038 00005CE3 		cmp	ip, #0
  39 003c 0CD04DE2 		sub	sp, sp, #12
  40 0040 0340A0E1 		mov	r4, r3
  41 0044 0C00A001 		moveq	r0, ip
  42 0048 1400000A 		beq	.L7
  43 004c 000053E3 		cmp	r3, #0
  44 0050 06008DE8 		stmia	sp, {r1, r2}	@ phole stm
  45 0054 08008DE5 		str	r0, [sp, #8]
  46 0058 0B00001A 		bne	.L8
  47 005c FEFFFFEB 		bl	xTaskGetSchedulerState
  48 0060 010050E3 		cmp	r0, #1
  49 0064 0420A011 		movne	r2, r4
  50 0068 0D10A0E1 		mov	r1, sp
  51 006c 00009505 		ldreq	r0, [r5, #0]
  52 0070 18209D05 		ldreq	r2, [sp, #24]
  53 0074 0430A001 		moveq	r3, r4
  54 0078 00009515 		ldrne	r0, [r5, #0]
  55 007c 0D10A011 		movne	r1, sp
  56 0080 0230A011 		movne	r3, r2
  57 0084 FEFFFFEB 		bl	xQueueGenericSend
  58 0088 040000EA 		b	.L7
  59              	.L8:
  60 008c 0320A0E1 		mov	r2, r3
  61 0090 0C00A0E1 		mov	r0, ip
  62 0094 0D10A0E1 		mov	r1, sp
  63 0098 0030A0E3 		mov	r3, #0
  64 009c FEFFFFEB 		bl	xQueueGenericSendFromISR
  65              	.L7:
  66 00a0 0CD08DE2 		add	sp, sp, #12
  67 00a4 3080BDE8 		ldmfd	sp!, {r4, r5, pc}
  68              	.L13:
  69              		.align	2
  70              	.L12:
  71 00a8 00000000 		.word	xTimerQueue
  73              		.align	2
  75              	prvCheckForValidListAndQueue:
  76              		@ args = 0, pretend = 0, frame = 0
  77              		@ frame_needed = 0, uses_anonymous_args = 0
  78 00ac F0402DE9 		stmfd	sp!, {r4, r5, r6, r7, lr}
  79 00b0 50709FE5 		ldr	r7, .L17
  80 00b4 FEFFFFEB 		bl	vPortEnterCritical
  81 00b8 006097E5 		ldr	r6, [r7, #0]
  82 00bc 000056E3 		cmp	r6, #0
  83 00c0 0E00001A 		bne	.L15
  84 00c4 40409FE5 		ldr	r4, .L17+4
  85 00c8 40509FE5 		ldr	r5, .L17+8
  86 00cc 0400A0E1 		mov	r0, r4
  87 00d0 FEFFFFEB 		bl	vListInitialise
  88 00d4 0500A0E1 		mov	r0, r5
  89 00d8 FEFFFFEB 		bl	vListInitialise
  90 00dc 30309FE5 		ldr	r3, .L17+12
  91 00e0 004083E5 		str	r4, [r3, #0]
  92 00e4 2C309FE5 		ldr	r3, .L17+16
  93 00e8 0620A0E1 		mov	r2, r6
  94 00ec 0200A0E3 		mov	r0, #2
  95 00f0 0C10A0E3 		mov	r1, #12
  96 00f4 005083E5 		str	r5, [r3, #0]
  97 00f8 FEFFFFEB 		bl	xQueueGenericCreate
  98 00fc 000087E5 		str	r0, [r7, #0]
  99              	.L15:
 100 0100 F040BDE8 		ldmfd	sp!, {r4, r5, r6, r7, lr}
 101 0104 FEFFFFEA 		b	vPortExitCritical
 102              	.L18:
 103              		.align	2
 104              	.L17:
 105 0108 00000000 		.word	xTimerQueue
 106 010c 08000000 		.word	xActiveTimerList1
 107 0110 1C000000 		.word	xActiveTimerList2
 108 0114 30000000 		.word	pxCurrentTimerList
 109 0118 34000000 		.word	pxOverflowTimerList
 111              		.align	2
 112              		.global	xTimerCreate
 114              	xTimerCreate:
 115              		@ args = 4, pretend = 0, frame = 0
 116              		@ frame_needed = 0, uses_anonymous_args = 0
 117 011c F0412DE9 		stmfd	sp!, {r4, r5, r6, r7, r8, lr}
 118 0120 005051E2 		subs	r5, r1, #0
 119 0124 0060A0E1 		mov	r6, r0
 120 0128 0270A0E1 		mov	r7, r2
 121 012c 0380A0E1 		mov	r8, r3
 122 0130 0540A001 		moveq	r4, r5
 123 0134 0C00000A 		beq	.L21
 124 0138 2800A0E3 		mov	r0, #40
 125 013c FEFFFFEB 		bl	pvPortMalloc
 126 0140 004050E2 		subs	r4, r0, #0
 127 0144 0800000A 		beq	.L21
 128 0148 D7FFFFEB 		bl	prvCheckForValidListAndQueue
 129 014c 18309DE5 		ldr	r3, [sp, #24]
 130 0150 006084E5 		str	r6, [r4, #0]
 131 0154 185084E5 		str	r5, [r4, #24]
 132 0158 1C7084E5 		str	r7, [r4, #28]
 133 015c 208084E5 		str	r8, [r4, #32]
 134 0160 243084E5 		str	r3, [r4, #36]
 135 0164 040084E2 		add	r0, r4, #4
 136 0168 FEFFFFEB 		bl	vListInitialiseItem
 137              	.L21:
 138 016c 0400A0E1 		mov	r0, r4
 139 0170 F081BDE8 		ldmfd	sp!, {r4, r5, r6, r7, r8, pc}
 141              		.section	.rodata.str1.1,"aMS",%progbits,1
 142              	.LC0:
 143 0000 546D7220 		.ascii	"Tmr Svc\000"
 143      53766300 
 144              		.text
 145              		.align	2
 146              		.global	xTimerCreateTimerTask
 148              	xTimerCreateTimerTask:
 149              		@ args = 0, pretend = 0, frame = 0
 150              		@ frame_needed = 0, uses_anonymous_args = 0
 151 0174 04E02DE5 		str	lr, [sp, #-4]!
 152 0178 10D04DE2 		sub	sp, sp, #16
 153 017c CAFFFFEB 		bl	prvCheckForValidListAndQueue
 154 0180 38309FE5 		ldr	r3, .L27
 155 0184 000093E5 		ldr	r0, [r3, #0]
 156 0188 000050E3 		cmp	r0, #0
 157 018c 0900000A 		beq	.L25
 158 0190 00E0A0E3 		mov	lr, #0
 159 0194 03C0A0E3 		mov	ip, #3
 160 0198 0E30A0E1 		mov	r3, lr
 161 019c 20009FE5 		ldr	r0, .L27+4
 162 01a0 20109FE5 		ldr	r1, .L27+8
 163 01a4 012CA0E3 		mov	r2, #256
 164 01a8 00508DE8 		stmia	sp, {ip, lr}	@ phole stm
 165 01ac 08E08DE5 		str	lr, [sp, #8]
 166 01b0 0CE08DE5 		str	lr, [sp, #12]
 167 01b4 FEFFFFEB 		bl	xTaskGenericCreate
 168              	.L25:
 169 01b8 10D08DE2 		add	sp, sp, #16
 170 01bc 0080BDE8 		ldmfd	sp!, {pc}
 171              	.L28:
 172              		.align	2
 173              	.L27:
 174 01c0 00000000 		.word	xTimerQueue
 175 01c4 00000000 		.word	prvTimerTask
 176 01c8 00000000 		.word	.LC0
 178              		.align	2
 180              	prvSampleTimeNow:
 181              		@ args = 0, pretend = 0, frame = 0
 182              		@ frame_needed = 0, uses_anonymous_args = 0
 183 01cc F0472DE9 		stmfd	sp!, {r4, r5, r6, r7, r8, r9, sl, lr}
 184 01d0 04D04DE2 		sub	sp, sp, #4
 185 01d4 00A0A0E1 		mov	sl, r0
 186 01d8 FEFFFFEB 		bl	xTaskGetTickCount
 187 01dc D4309FE5 		ldr	r3, .L43
 188 01e0 003093E5 		ldr	r3, [r3, #0]
 189 01e4 030050E1 		cmp	r0, r3
 190 01e8 0070A0E1 		mov	r7, r0
 191 01ec C8909F35 		ldrcc	r9, .L43+4
 192 01f0 0080A033 		movcc	r8, #0
 193 01f4 1D00003A 		bcc	.L39
 194 01f8 270000EA 		b	.L42
 195              	.L33:
 196 01fc 0C3090E5 		ldr	r3, [r0, #12]
 197 0200 005093E5 		ldr	r5, [r3, #0]
 198 0204 0C3090E5 		ldr	r3, [r0, #12]
 199 0208 0C4093E5 		ldr	r4, [r3, #12]
 200 020c 046084E2 		add	r6, r4, #4
 201 0210 0600A0E1 		mov	r0, r6
 202 0214 FEFFFFEB 		bl	vListRemove
 203 0218 0400A0E1 		mov	r0, r4
 204 021c 0FE0A0E1 		mov	lr, pc
 205 0220 24F094E5 		ldr	pc, [r4, #36]
 206 0224 1C3094E5 		ldr	r3, [r4, #28]
 207 0228 010053E3 		cmp	r3, #1
 208 022c 0F00001A 		bne	.L39
 209 0230 183094E5 		ldr	r3, [r4, #24]
 210 0234 03C085E0 		add	ip, r5, r3
 211 0238 05005CE1 		cmp	ip, r5
 212 023c 0610A0E1 		mov	r1, r6
 213 0240 0400A0E1 		mov	r0, r4
 214 0244 0520A0E1 		mov	r2, r5
 215 0248 0830A0E1 		mov	r3, r8
 216 024c 0400009A 		bls	.L32
 217 0250 04C084E5 		str	ip, [r4, #4]
 218 0254 104084E5 		str	r4, [r4, #16]
 219 0258 000099E5 		ldr	r0, [r9, #0]
 220 025c FEFFFFEB 		bl	vListInsert
 221 0260 020000EA 		b	.L39
 222              	.L32:
 223 0264 0810A0E1 		mov	r1, r8
 224 0268 00808DE5 		str	r8, [sp, #0]
 225 026c FEFFFFEB 		bl	xTimerGenericCommand
 226              	.L39:
 227 0270 000099E5 		ldr	r0, [r9, #0]
 228 0274 003090E5 		ldr	r3, [r0, #0]
 229 0278 000053E3 		cmp	r3, #0
 230 027c DEFFFF1A 		bne	.L33
 231 0280 38109FE5 		ldr	r1, .L43+8
 232 0284 30309FE5 		ldr	r3, .L43+4
 233 0288 002091E5 		ldr	r2, [r1, #0]
 234 028c 000081E5 		str	r0, [r1, #0]
 235 0290 002083E5 		str	r2, [r3, #0]
 236 0294 0130A0E3 		mov	r3, #1
 237 0298 000000EA 		b	.L41
 238              	.L42:
 239 029c 0030A0E3 		mov	r3, #0
 240              	.L41:
 241 02a0 00308AE5 		str	r3, [sl, #0]
 242 02a4 0C309FE5 		ldr	r3, .L43
 243 02a8 0700A0E1 		mov	r0, r7
 244 02ac 007083E5 		str	r7, [r3, #0]
 245 02b0 04D08DE2 		add	sp, sp, #4
 246 02b4 F087BDE8 		ldmfd	sp!, {r4, r5, r6, r7, r8, r9, sl, pc}
 247              	.L44:
 248              		.align	2
 249              	.L43:
 250 02b8 04000000 		.word	xLastTime.1619
 251 02bc 30000000 		.word	pxCurrentTimerList
 252 02c0 34000000 		.word	pxOverflowTimerList
 254              		.align	2
 256              	prvInsertTimerInActiveList:
 257              		@ args = 0, pretend = 0, frame = 0
 258              		@ frame_needed = 0, uses_anonymous_args = 0
 259 02c4 020051E1 		cmp	r1, r2
 260 02c8 10402DE9 		stmfd	sp!, {r4, lr}
 261 02cc 02C0A0E1 		mov	ip, r2
 262 02d0 041080E5 		str	r1, [r0, #4]
 263 02d4 100080E5 		str	r0, [r0, #16]
 264 02d8 0900008A 		bhi	.L46
 265 02dc 182090E5 		ldr	r2, [r0, #24]
 266 02e0 0C3063E0 		rsb	r3, r3, ip
 267 02e4 020053E1 		cmp	r3, r2
 268 02e8 1200002A 		bcs	.L47
 269 02ec 4C309FE5 		ldr	r3, .L50
 270 02f0 041080E2 		add	r1, r0, #4
 271 02f4 000093E5 		ldr	r0, [r3, #0]
 272 02f8 FEFFFFEB 		bl	vListInsert
 273 02fc 0000A0E3 		mov	r0, #0
 274 0300 1080BDE8 		ldmfd	sp!, {r4, pc}
 275              	.L46:
 276 0304 030052E1 		cmp	r2, r3
 277 0308 0040A023 		movcs	r4, #0
 278 030c 0140A033 		movcc	r4, #1
 279 0310 030051E1 		cmp	r1, r3
 280 0314 0040A033 		movcc	r4, #0
 281 0318 000054E3 		cmp	r4, #0
 282 031c 0500001A 		bne	.L47
 283 0320 1C309FE5 		ldr	r3, .L50+4
 284 0324 041080E2 		add	r1, r0, #4
 285 0328 000093E5 		ldr	r0, [r3, #0]
 286 032c FEFFFFEB 		bl	vListInsert
 287 0330 0400A0E1 		mov	r0, r4
 288 0334 1080BDE8 		ldmfd	sp!, {r4, pc}
 289              	.L47:
 290 0338 0100A0E3 		mov	r0, #1
 291 033c 1080BDE8 		ldmfd	sp!, {r4, pc}
 292              	.L51:
 293              		.align	2
 294              	.L50:
 295 0340 34000000 		.word	pxOverflowTimerList
 296 0344 30000000 		.word	pxCurrentTimerList
 298              		.align	2
 300              	prvTimerTask:
 301              		@ args = 0, pretend = 0, frame = 16
 302              		@ frame_needed = 0, uses_anonymous_args = 0
 303 0348 F04F2DE9 		stmfd	sp!, {r4, r5, r6, r7, r8, r9, sl, fp, lr}
 304 034c E0919FE5 		ldr	r9, .L70
 305 0350 14D04DE2 		sub	sp, sp, #20
 306 0354 DCA19FE5 		ldr	sl, .L70+4
 307 0358 10808DE2 		add	r8, sp, #16
 308 035c 04B08DE2 		add	fp, sp, #4
 309              	.L65:
 310 0360 002099E5 		ldr	r2, [r9, #0]
 311 0364 003092E5 		ldr	r3, [r2, #0]
 312 0368 014073E2 		rsbs	r4, r3, #1
 313 036c 0040A033 		movcc	r4, #0
 314 0370 000054E3 		cmp	r4, #0
 315 0374 0C309205 		ldreq	r3, [r2, #12]
 316 0378 0050A013 		movne	r5, #0
 317 037c 00509305 		ldreq	r5, [r3, #0]
 318 0380 FEFFFFEB 		bl	vTaskSuspendAll
 319 0384 0800A0E1 		mov	r0, r8
 320 0388 8FFFFFEB 		bl	prvSampleTimeNow
 321 038c 10709DE5 		ldr	r7, [sp, #16]
 322 0390 000057E3 		cmp	r7, #0
 323 0394 0060A0E1 		mov	r6, r0
 324 0398 2800001A 		bne	.L55
 325 039c 013024E2 		eor	r3, r4, #1
 326 03a0 000055E1 		cmp	r5, r0
 327 03a4 0030A083 		movhi	r3, #0
 328 03a8 01300392 		andls	r3, r3, #1
 329 03ac 000053E3 		cmp	r3, #0
 330 03b0 1A00000A 		beq	.L56
 331 03b4 FEFFFFEB 		bl	xTaskResumeAll
 332 03b8 003099E5 		ldr	r3, [r9, #0]
 333 03bc 0C3093E5 		ldr	r3, [r3, #12]
 334 03c0 0C4093E5 		ldr	r4, [r3, #12]
 335 03c4 040084E2 		add	r0, r4, #4
 336 03c8 FEFFFFEB 		bl	vListRemove
 337 03cc 1C3094E5 		ldr	r3, [r4, #28]
 338 03d0 010053E3 		cmp	r3, #1
 339 03d4 0D00001A 		bne	.L57
 340 03d8 181094E5 		ldr	r1, [r4, #24]
 341 03dc 0620A0E1 		mov	r2, r6
 342 03e0 011085E0 		add	r1, r5, r1
 343 03e4 0400A0E1 		mov	r0, r4
 344 03e8 0530A0E1 		mov	r3, r5
 345 03ec B4FFFFEB 		bl	prvInsertTimerInActiveList
 346 03f0 010050E3 		cmp	r0, #1
 347 03f4 0500001A 		bne	.L57
 348 03f8 0710A0E1 		mov	r1, r7
 349 03fc 0520A0E1 		mov	r2, r5
 350 0400 0400A0E1 		mov	r0, r4
 351 0404 0730A0E1 		mov	r3, r7
 352 0408 00708DE5 		str	r7, [sp, #0]
 353 040c FEFFFFEB 		bl	xTimerGenericCommand
 354              	.L57:
 355 0410 0400A0E1 		mov	r0, r4
 356 0414 0FE0A0E1 		mov	lr, pc
 357 0418 24F094E5 		ldr	pc, [r4, #36]
 358 041c 080000EA 		b	.L58
 359              	.L56:
 360 0420 051060E0 		rsb	r1, r0, r5
 361 0424 00009AE5 		ldr	r0, [sl, #0]
 362 0428 FEFFFFEB 		bl	vQueueWaitForMessageRestricted
 363 042c FEFFFFEB 		bl	xTaskResumeAll
 364 0430 000050E3 		cmp	r0, #0
 365 0434 0200001A 		bne	.L58
 366              	@ 391 "../FreeRTOS/src/timers.c" 1
 367 0438 000000EF 		SWI 0
 368              	@ 0 "" 2
 369 043c 000000EA 		b	.L58
 370              	.L55:
 371 0440 FEFFFFEB 		bl	xTaskResumeAll
 372              	.L58:
 373 0444 0800A0E1 		mov	r0, r8
 374 0448 5FFFFFEB 		bl	prvSampleTimeNow
 375 044c 0060A0E1 		mov	r6, r0
 376 0450 2F0000EA 		b	.L69
 377              	.L64:
 378 0454 0C409DE5 		ldr	r4, [sp, #12]
 379 0458 000054E3 		cmp	r4, #0
 380 045c 0300000A 		beq	.L60
 381 0460 143094E5 		ldr	r3, [r4, #20]
 382 0464 000053E3 		cmp	r3, #0
 383 0468 04008412 		addne	r0, r4, #4
 384 046c FEFFFF1B 		blne	vListRemove
 385              	.L60:
 386 0470 04509DE5 		ldr	r5, [sp, #4]
 387 0474 020055E3 		cmp	r5, #2
 388 0478 1B00000A 		beq	.L62
 389 047c 030055E3 		cmp	r5, #3
 390 0480 2100000A 		beq	.L63
 391 0484 000055E3 		cmp	r5, #0
 392 0488 2100001A 		bne	.L69
 393 048c 08209DE5 		ldr	r2, [sp, #8]
 394 0490 181094E5 		ldr	r1, [r4, #24]
 395 0494 0230A0E1 		mov	r3, r2
 396 0498 011082E0 		add	r1, r2, r1
 397 049c 0400A0E1 		mov	r0, r4
 398 04a0 0620A0E1 		mov	r2, r6
 399 04a4 86FFFFEB 		bl	prvInsertTimerInActiveList
 400 04a8 010050E3 		cmp	r0, #1
 401 04ac 1800001A 		bne	.L69
 402 04b0 0400A0E1 		mov	r0, r4
 403 04b4 0FE0A0E1 		mov	lr, pc
 404 04b8 24F094E5 		ldr	pc, [r4, #36]
 405 04bc 1C3094E5 		ldr	r3, [r4, #28]
 406 04c0 010053E3 		cmp	r3, #1
 407 04c4 1200001A 		bne	.L69
 408 04c8 183094E5 		ldr	r3, [r4, #24]
 409 04cc 08209DE5 		ldr	r2, [sp, #8]
 410 04d0 0510A0E1 		mov	r1, r5
 411 04d4 022083E0 		add	r2, r3, r2
 412 04d8 0400A0E1 		mov	r0, r4
 413 04dc 0530A0E1 		mov	r3, r5
 414 04e0 00508DE5 		str	r5, [sp, #0]
 415 04e4 FEFFFFEB 		bl	xTimerGenericCommand
 416 04e8 090000EA 		b	.L69
 417              	.L62:
 418 04ec 08109DE5 		ldr	r1, [sp, #8]
 419 04f0 0400A0E1 		mov	r0, r4
 420 04f4 181084E5 		str	r1, [r4, #24]
 421 04f8 0620A0E1 		mov	r2, r6
 422 04fc 011086E0 		add	r1, r6, r1
 423 0500 0630A0E1 		mov	r3, r6
 424 0504 6EFFFFEB 		bl	prvInsertTimerInActiveList
 425 0508 010000EA 		b	.L69
 426              	.L63:
 427 050c 0400A0E1 		mov	r0, r4
 428 0510 FEFFFFEB 		bl	vPortFree
 429              	.L69:
 430 0514 0020A0E3 		mov	r2, #0
 431 0518 00009AE5 		ldr	r0, [sl, #0]
 432 051c 0B10A0E1 		mov	r1, fp
 433 0520 0230A0E1 		mov	r3, r2
 434 0524 FEFFFFEB 		bl	xQueueGenericReceive
 435 0528 000050E3 		cmp	r0, #0
 436 052c C8FFFF1A 		bne	.L64
 437 0530 8AFFFFEA 		b	.L65
 438              	.L71:
 439              		.align	2
 440              	.L70:
 441 0534 30000000 		.word	pxCurrentTimerList
 442 0538 00000000 		.word	xTimerQueue
 444              		.bss
 445              		.align	2
 446              	xTimerQueue:
 447 0000 00000000 		.space	4
 448              		.align	2
 449              	xLastTime.1619:
 450 0004 00000000 		.space	4
 451              		.align	2
 452              	xActiveTimerList1:
 453 0008 00000000 		.space	20
 453      00000000 
 453      00000000 
 453      00000000 
 453      00000000 
 454              		.align	2
 455              	xActiveTimerList2:
 456 001c 00000000 		.space	20
 456      00000000 
 456      00000000 
 456      00000000 
 456      00000000 
 457              		.align	2
 458              	pxCurrentTimerList:
 459 0030 00000000 		.space	4
 460              		.align	2
 461              	pxOverflowTimerList:
 462 0034 00000000 		.space	4
 463              		.ident	"GCC: (GNU) 4.3.2"
DEFINED SYMBOLS
                            *ABS*:00000000 timers.c
/cygdrive/c/Users/ADMINI~1/AppData/Local/Temp/ccLW1Fwa.s:6      .text:00000000 pvTimerGetTimerID
/cygdrive/c/Users/ADMINI~1/AppData/Local/Temp/ccLW1Fwa.s:10     .text:00000000 $a
/cygdrive/c/Users/ADMINI~1/AppData/Local/Temp/ccLW1Fwa.s:16     .text:00000008 xTimerIsTimerActive
/cygdrive/c/Users/ADMINI~1/AppData/Local/Temp/ccLW1Fwa.s:32     .text:0000002c xTimerGenericCommand
/cygdrive/c/Users/ADMINI~1/AppData/Local/Temp/ccLW1Fwa.s:71     .text:000000a8 $d
/cygdrive/c/Users/ADMINI~1/AppData/Local/Temp/ccLW1Fwa.s:446    .bss:00000000 xTimerQueue
/cygdrive/c/Users/ADMINI~1/AppData/Local/Temp/ccLW1Fwa.s:75     .text:000000ac prvCheckForValidListAndQueue
/cygdrive/c/Users/ADMINI~1/AppData/Local/Temp/ccLW1Fwa.s:78     .text:000000ac $a
/cygdrive/c/Users/ADMINI~1/AppData/Local/Temp/ccLW1Fwa.s:105    .text:00000108 $d
/cygdrive/c/Users/ADMINI~1/AppData/Local/Temp/ccLW1Fwa.s:452    .bss:00000008 xActiveTimerList1
/cygdrive/c/Users/ADMINI~1/AppData/Local/Temp/ccLW1Fwa.s:455    .bss:0000001c xActiveTimerList2
/cygdrive/c/Users/ADMINI~1/AppData/Local/Temp/ccLW1Fwa.s:458    .bss:00000030 pxCurrentTimerList
/cygdrive/c/Users/ADMINI~1/AppData/Local/Temp/ccLW1Fwa.s:461    .bss:00000034 pxOverflowTimerList
/cygdrive/c/Users/ADMINI~1/AppData/Local/Temp/ccLW1Fwa.s:114    .text:0000011c xTimerCreate
/cygdrive/c/Users/ADMINI~1/AppData/Local/Temp/ccLW1Fwa.s:117    .text:0000011c $a
/cygdrive/c/Users/ADMINI~1/AppData/Local/Temp/ccLW1Fwa.s:148    .text:00000174 xTimerCreateTimerTask
/cygdrive/c/Users/ADMINI~1/AppData/Local/Temp/ccLW1Fwa.s:174    .text:000001c0 $d
/cygdrive/c/Users/ADMINI~1/AppData/Local/Temp/ccLW1Fwa.s:300    .text:00000348 prvTimerTask
/cygdrive/c/Users/ADMINI~1/AppData/Local/Temp/ccLW1Fwa.s:180    .text:000001cc prvSampleTimeNow
/cygdrive/c/Users/ADMINI~1/AppData/Local/Temp/ccLW1Fwa.s:183    .text:000001cc $a
/cygdrive/c/Users/ADMINI~1/AppData/Local/Temp/ccLW1Fwa.s:250    .text:000002b8 $d
/cygdrive/c/Users/ADMINI~1/AppData/Local/Temp/ccLW1Fwa.s:449    .bss:00000004 xLastTime.1619
/cygdrive/c/Users/ADMINI~1/AppData/Local/Temp/ccLW1Fwa.s:256    .text:000002c4 prvInsertTimerInActiveList
/cygdrive/c/Users/ADMINI~1/AppData/Local/Temp/ccLW1Fwa.s:259    .text:000002c4 $a
/cygdrive/c/Users/ADMINI~1/AppData/Local/Temp/ccLW1Fwa.s:295    .text:00000340 $d
/cygdrive/c/Users/ADMINI~1/AppData/Local/Temp/ccLW1Fwa.s:303    .text:00000348 $a
/cygdrive/c/Users/ADMINI~1/AppData/Local/Temp/ccLW1Fwa.s:441    .text:00000534 $d

UNDEFINED SYMBOLS
vPortEnterCritical
vPortExitCritical
xTaskGetSchedulerState
xQueueGenericSend
xQueueGenericSendFromISR
vListInitialise
xQueueGenericCreate
pvPortMalloc
vListInitialiseItem
xTaskGenericCreate
xTaskGetTickCount
vListRemove
vListInsert
vTaskSuspendAll
xTaskResumeAll
vQueueWaitForMessageRestricted
vPortFree
xQueueGenericReceive
