   1              		.file	"hooks.c"
   2              		.text
   3              		.align	2
   4              		.global	vApplicationIdleHook
   6              	vApplicationIdleHook:
   7              		@ args = 0, pretend = 0, frame = 0
   8              		@ frame_needed = 0, uses_anonymous_args = 0
   9              		@ link register save eliminated.
  10 0000 0C209FE5 		ldr	r2, .L3
  11 0004 C03092E5 		ldr	r3, [r2, #192]
  12 0008 013083E3 		orr	r3, r3, #1
  13 000c C03082E5 		str	r3, [r2, #192]
  14 0010 1EFF2FE1 		bx	lr
  15              	.L4:
  16              		.align	2
  17              	.L3:
  18 0014 00C01FE0 		.word	-534790144
  20              		.section	.rodata.str1.1,"aMS",%progbits,1
  21              	.LC0:
  22 0000 48414C54 		.ascii	"HALTING SYSTEM: Your system ran out of memory (RAM)"
  22      494E4720 
  22      53595354 
  22      454D3A20 
  22      596F7572 
  23 0033 210A00   		.ascii	"!\012\000"
  24              		.text
  25              		.align	2
  26              		.global	vApplicationMallocFailedHook
  28              	vApplicationMallocFailedHook:
  29              		@ args = 0, pretend = 0, frame = 0
  30              		@ frame_needed = 0, uses_anonymous_args = 0
  31 0018 04E02DE5 		str	lr, [sp, #-4]!
  32 001c 04009FE5 		ldr	r0, .L8
  33 0020 FEFFFFEB 		bl	rprintf
  34              	.L6:
  35 0024 FEFFFFEA 		b	.L6
  36              	.L9:
  37              		.align	2
  38              	.L8:
  39 0028 00000000 		.word	.LC0
  41              		.section	.rodata.str1.1
  42              	.LC1:
  43 0036 48414C54 		.ascii	"HALTING SYSTEM: Stack overflow by task: %s\012\000"
  43      494E4720 
  43      53595354 
  43      454D3A20 
  43      53746163 
  44              	.LC2:
  45 0062 54727920 		.ascii	"Try increasing stack memory of this task.\012\000"
  45      696E6372 
  45      65617369 
  45      6E672073 
  45      7461636B 
  46              		.text
  47              		.align	2
  48              		.global	vApplicationStackOverflowHook
  50              	vApplicationStackOverflowHook:
  51              		@ args = 0, pretend = 0, frame = 0
  52              		@ frame_needed = 0, uses_anonymous_args = 0
  53 002c 10009FE5 		ldr	r0, .L13
  54 0030 04E02DE5 		str	lr, [sp, #-4]!
  55 0034 FEFFFFEB 		bl	rprintf
  56 0038 08009FE5 		ldr	r0, .L13+4
  57 003c FEFFFFEB 		bl	rprintf
  58              	.L11:
  59 0040 FEFFFFEA 		b	.L11
  60              	.L14:
  61              		.align	2
  62              	.L13:
  63 0044 36000000 		.word	.LC1
  64 0048 62000000 		.word	.LC2
  66              		.ident	"GCC: (GNU) 4.3.2"
DEFINED SYMBOLS
                            *ABS*:00000000 hooks.c
/cygdrive/c/Users/ADMINI~1/AppData/Local/Temp/ccb2RRFm.s:6      .text:00000000 vApplicationIdleHook
/cygdrive/c/Users/ADMINI~1/AppData/Local/Temp/ccb2RRFm.s:10     .text:00000000 $a
/cygdrive/c/Users/ADMINI~1/AppData/Local/Temp/ccb2RRFm.s:18     .text:00000014 $d
/cygdrive/c/Users/ADMINI~1/AppData/Local/Temp/ccb2RRFm.s:28     .text:00000018 vApplicationMallocFailedHook
/cygdrive/c/Users/ADMINI~1/AppData/Local/Temp/ccb2RRFm.s:31     .text:00000018 $a
/cygdrive/c/Users/ADMINI~1/AppData/Local/Temp/ccb2RRFm.s:39     .text:00000028 $d
/cygdrive/c/Users/ADMINI~1/AppData/Local/Temp/ccb2RRFm.s:50     .text:0000002c vApplicationStackOverflowHook
/cygdrive/c/Users/ADMINI~1/AppData/Local/Temp/ccb2RRFm.s:53     .text:0000002c $a
/cygdrive/c/Users/ADMINI~1/AppData/Local/Temp/ccb2RRFm.s:63     .text:00000044 $d

UNDEFINED SYMBOLS
rprintf
