   1              		.file	"main.cpp"
   2              		.section	.rodata.str1.1,"aMS",%progbits,1
   3              	.LC0:
   4 0000 55617274 		.ascii	"Uart UI\000"
   4      20554900 
   5              	.LC1:
   6 0008 62757474 		.ascii	"buttonLed\000"
   6      6F6E4C65 
   6      6400
   7              	.LC2:
   8 0012 4552524F 		.ascii	"ERROR:  OUT OF MEMORY: Check OS Stack Size or task "
   8      523A2020 
   8      4F555420 
   8      4F46204D 
   8      454D4F52 
   9 0045 73746163 		.ascii	"stack size.\012\000"
   9      6B207369 
   9      7A652E0A 
   9      00
  10              	.LC3:
  11 0052 0A2D2D20 		.ascii	"\012-- Starting FreeRTOS --\012\000"
  11      53746172 
  11      74696E67 
  11      20467265 
  11      6552544F 
  12              	.LC4:
  13 006c 4552524F 		.ascii	"ERROR: Unexpected OS Exit!\012\000"
  13      523A2055 
  13      6E657870 
  13      65637465 
  13      64204F53 
  14              		.text
  15              		.align	2
  16              		.global	main
  18              	main:
  19              		@ args = 0, pretend = 0, frame = 24
  20              		@ frame_needed = 0, uses_anonymous_args = 0
  21 0000 70402DE9 		stmfd	sp!, {r4, r5, r6, lr}
  22 0004 28D04DE2 		sub	sp, sp, #40
  23 0008 FEFFFFEB 		bl	cpuSetupHardware
  24 000c F8009FE5 		ldr	r0, .L5
  25 0010 FEFFFFEB 		bl	watchdogDelayUs
  26 0014 4010A0E3 		mov	r1, #64
  27 0018 960CA0E3 		mov	r0, #38400
  28 001c FEFFFFEB 		bl	uart0Init
  29 0020 E8009FE5 		ldr	r0, .L5+4
  30 0024 FEFFFFEB 		bl	rprintf_devopen
  31 0028 FEFFFFEB 		bl	cpuPrintMemoryInfo
  32 002c E0009FE5 		ldr	r0, .L5+8
  33 0030 FEFFFFEB 		bl	rprintf_devopen
  34 0034 24408DE2 		add	r4, sp, #36
  35 0038 CC009FE5 		ldr	r0, .L5
  36 003c FEFFFFEB 		bl	watchdogDelayUs
  37 0040 D0109FE5 		ldr	r1, .L5+12
  38 0044 0A20A0E3 		mov	r2, #10
  39 0048 0130A0E3 		mov	r3, #1
  40 004c 0400A0E1 		mov	r0, r4
  41 0050 FEFFFFEB 		bl	_ZN5TimerC1EPFvPvEm9TimerType
  42 0054 0400A0E1 		mov	r0, r4
  43 0058 FEFFFFEB 		bl	_ZN5Timer5startEv
  44 005c 0100A0E3 		mov	r0, #1
  45 0060 FEFFFFEB 		bl	xQueueCreateMutex
  46 0064 10508DE2 		add	r5, sp, #16
  47 0068 20008DE5 		str	r0, [sp, #32]
  48 006c 0060A0E3 		mov	r6, #0
  49 0070 01C0A0E3 		mov	ip, #1
  50 0074 044085E2 		add	r4, r5, #4
  51 0078 9C009FE5 		ldr	r0, .L5+16
  52 007c 9C109FE5 		ldr	r1, .L5+20
  53 0080 062CA0E3 		mov	r2, #1536
  54 0084 0530A0E1 		mov	r3, r5
  55 0088 00C08DE5 		str	ip, [sp, #0]
  56 008c 50008DE9 		stmib	sp, {r4, r6}	@ phole stm
  57 0090 0C608DE5 		str	r6, [sp, #12]
  58 0094 FEFFFFEB 		bl	xTaskGenericCreate
  59 0098 010050E3 		cmp	r0, #1
  60 009c 00E0A0E1 		mov	lr, r0
  61 00a0 0B00001A 		bne	.L2
  62 00a4 0CC085E2 		add	ip, r5, #12
  63 00a8 0530A0E1 		mov	r3, r5
  64 00ac 70009FE5 		ldr	r0, .L5+24
  65 00b0 70109FE5 		ldr	r1, .L5+28
  66 00b4 012CA0E3 		mov	r2, #256
  67 00b8 00E08DE5 		str	lr, [sp, #0]
  68 00bc 04C08DE5 		str	ip, [sp, #4]
  69 00c0 0C608DE5 		str	r6, [sp, #12]
  70 00c4 08608DE5 		str	r6, [sp, #8]
  71 00c8 FEFFFFEB 		bl	xTaskGenericCreate
  72 00cc 010050E3 		cmp	r0, #1
  73 00d0 0100000A 		beq	.L3
  74              	.L2:
  75 00d4 50009FE5 		ldr	r0, .L5+32
  76 00d8 FEFFFFEB 		bl	rprintf
  77              	.L3:
  78 00dc 4C009FE5 		ldr	r0, .L5+36
  79 00e0 FEFFFFEB 		bl	rprintf
  80 00e4 FEFFFFEB 		bl	vTaskStartScheduler
  81 00e8 20009FE5 		ldr	r0, .L5+4
  82 00ec FEFFFFEB 		bl	rprintf_devopen
  83 00f0 3C009FE5 		ldr	r0, .L5+40
  84 00f4 FEFFFFEB 		bl	rprintf
  85 00f8 24008DE2 		add	r0, sp, #36
  86 00fc FEFFFFEB 		bl	_ZN5TimerD1Ev
  87 0100 0000A0E3 		mov	r0, #0
  88 0104 28D08DE2 		add	sp, sp, #40
  89 0108 7080BDE8 		ldmfd	sp!, {r4, r5, r6, pc}
  90              	.L6:
  91              		.align	2
  92              	.L5:
  93 010c 40420F00 		.word	1000000
  94 0110 00000000 		.word	uart0PutCharPolling
  95 0114 00000000 		.word	uart0PutChar
  96 0118 00000000 		.word	_Z14FatFsDiskTimerPv
  97 011c 00000000 		.word	_Z6uartUIPv
  98 0120 00000000 		.word	.LC0
  99 0124 00000000 		.word	_Z10button2LEDPv
 100 0128 08000000 		.word	.LC1
 101 012c 12000000 		.word	.LC2
 102 0130 52000000 		.word	.LC3
 103 0134 6C000000 		.word	.LC4
 105              		.section	.rodata.str1.1
 106              	.LC5:
 107 0088 696E6974 		.ascii	"initializing leds...\012\000"
 107      69616C69 
 107      7A696E67 
 107      206C6564 
 107      732E2E2E 
 108              	.LC6:
 109 009e 696E6974 		.ascii	"initializing buttons...\012\000"
 109      69616C69 
 109      7A696E67 
 109      20627574 
 109      746F6E73 
 110              	.LC7:
 111 00b7 62757474 		.ascii	"button task ready!\012\000"
 111      6F6E2074 
 111      61736B20 
 111      72656164 
 111      79210A00 
 112              		.text
 113              		.align	2
 114              		.global	_Z10button2LEDPv
 116              	_Z10button2LEDPv:
 117              		@ args = 0, pretend = 0, frame = 0
 118              		@ frame_needed = 0, uses_anonymous_args = 0
 119 0138 04E02DE5 		str	lr, [sp, #-4]!
 120 013c 58009FE5 		ldr	r0, .L10
 121 0140 FEFFFFEB 		bl	rprintf
 122 0144 0610A0E3 		mov	r1, #6
 123 0148 0020A0E3 		mov	r2, #0
 124 014c 4000A0E3 		mov	r0, #64
 125 0150 FEFFFFEB 		bl	i2cWriteDeviceRegister
 126 0154 44009FE5 		ldr	r0, .L10+4
 127 0158 FEFFFFEB 		bl	rprintf
 128 015c 4000A0E3 		mov	r0, #64
 129 0160 0710A0E3 		mov	r1, #7
 130 0164 FF20A0E3 		mov	r2, #255
 131 0168 FEFFFFEB 		bl	i2cWriteDeviceRegister
 132 016c 30009FE5 		ldr	r0, .L10+8
 133 0170 FEFFFFEB 		bl	rprintf
 134              	.L8:
 135 0174 0110A0E3 		mov	r1, #1
 136 0178 4000A0E3 		mov	r0, #64
 137 017c FEFFFFEB 		bl	i2cReadDeviceRegister
 138 0180 0210A0E3 		mov	r1, #2
 139 0184 0020A0E1 		mov	r2, r0
 140 0188 4000A0E3 		mov	r0, #64
 141 018c FEFFFFEB 		bl	i2cWriteDeviceRegister
 142 0190 0A00A0E3 		mov	r0, #10
 143 0194 FEFFFFEB 		bl	vTaskDelay
 144 0198 F5FFFFEA 		b	.L8
 145              	.L11:
 146              		.align	2
 147              	.L10:
 148 019c 88000000 		.word	.LC5
 149 01a0 9E000000 		.word	.LC6
 150 01a4 B7000000 		.word	.LC7
 152              		.align	2
 153              		.global	_Z9blinkTaskPv
 155              	_Z9blinkTaskPv:
 156              		@ args = 0, pretend = 0, frame = 0
 157              		@ frame_needed = 0, uses_anonymous_args = 0
 158 01a8 48009FE5 		ldr	r0, .L15
 159 01ac 04E02DE5 		str	lr, [sp, #-4]!
 160 01b0 FEFFFFEB 		bl	initialize_I2C0
 161 01b4 4000A0E3 		mov	r0, #64
 162 01b8 0610A0E3 		mov	r1, #6
 163 01bc 0020A0E3 		mov	r2, #0
 164 01c0 FEFFFFEB 		bl	i2cWriteDeviceRegister
 165              	.L13:
 166 01c4 0210A0E3 		mov	r1, #2
 167 01c8 AA20A0E3 		mov	r2, #170
 168 01cc 4000A0E3 		mov	r0, #64
 169 01d0 FEFFFFEB 		bl	i2cWriteDeviceRegister
 170 01d4 6400A0E3 		mov	r0, #100
 171 01d8 FEFFFFEB 		bl	vTaskDelay
 172 01dc 0210A0E3 		mov	r1, #2
 173 01e0 5520A0E3 		mov	r2, #85
 174 01e4 4000A0E3 		mov	r0, #64
 175 01e8 FEFFFFEB 		bl	i2cWriteDeviceRegister
 176 01ec 6400A0E3 		mov	r0, #100
 177 01f0 FEFFFFEB 		bl	vTaskDelay
 178 01f4 F2FFFFEA 		b	.L13
 179              	.L16:
 180              		.align	2
 181              	.L15:
 182 01f8 A0860100 		.word	100000
 184              		.align	2
 185              		.global	_Z14FatFsDiskTimerPv
 187              	_Z14FatFsDiskTimerPv:
 188              		@ args = 0, pretend = 0, frame = 0
 189              		@ frame_needed = 0, uses_anonymous_args = 0
 190              		@ link register save eliminated.
 191 01fc FEFFFFEA 		b	disk_timerproc
 193              		.ident	"GCC: (GNU) 4.3.2"
DEFINED SYMBOLS
                            *ABS*:00000000 main.cpp
/cygdrive/c/Users/ADMINI~1/AppData/Local/Temp/ccp0HUm1.s:18     .text:00000000 main
/cygdrive/c/Users/ADMINI~1/AppData/Local/Temp/ccp0HUm1.s:21     .text:00000000 $a
/cygdrive/c/Users/ADMINI~1/AppData/Local/Temp/ccp0HUm1.s:93     .text:0000010c $d
/cygdrive/c/Users/ADMINI~1/AppData/Local/Temp/ccp0HUm1.s:187    .text:000001fc _Z14FatFsDiskTimerPv
/cygdrive/c/Users/ADMINI~1/AppData/Local/Temp/ccp0HUm1.s:116    .text:00000138 _Z10button2LEDPv
/cygdrive/c/Users/ADMINI~1/AppData/Local/Temp/ccp0HUm1.s:119    .text:00000138 $a
/cygdrive/c/Users/ADMINI~1/AppData/Local/Temp/ccp0HUm1.s:148    .text:0000019c $d
/cygdrive/c/Users/ADMINI~1/AppData/Local/Temp/ccp0HUm1.s:155    .text:000001a8 _Z9blinkTaskPv
/cygdrive/c/Users/ADMINI~1/AppData/Local/Temp/ccp0HUm1.s:158    .text:000001a8 $a
/cygdrive/c/Users/ADMINI~1/AppData/Local/Temp/ccp0HUm1.s:182    .text:000001f8 $d
/cygdrive/c/Users/ADMINI~1/AppData/Local/Temp/ccp0HUm1.s:191    .text:000001fc $a

UNDEFINED SYMBOLS
cpuSetupHardware
watchdogDelayUs
uart0Init
rprintf_devopen
cpuPrintMemoryInfo
_ZN5TimerC1EPFvPvEm9TimerType
_ZN5Timer5startEv
xQueueCreateMutex
xTaskGenericCreate
rprintf
vTaskStartScheduler
_ZN5TimerD1Ev
uart0PutCharPolling
uart0PutChar
_Z6uartUIPv
i2cWriteDeviceRegister
i2cReadDeviceRegister
vTaskDelay
initialize_I2C0
disk_timerproc
