   1              		.file	"exceptionHandlers.c"
   2              		.section	.rodata.str1.1,"aMS",%progbits,1
   3              	.LC0:
   4 0000 25732120 		.ascii	"%s!  Program Counter Address: 0x%08X\012\000"
   4      2050726F 
   4      6772616D 
   4      20436F75 
   4      6E746572 
   5              	.LC1:
   6 0026 4F70656E 		.ascii	"Open your project's *.lst file to locate PC Value t"
   6      20796F75 
   6      72207072 
   6      6F6A6563 
   6      74277320 
   7 0059 6F206465 		.ascii	"o debug\012\000"
   7      6275670A 
   7      00
   8              		.text
   9              		.align	2
  10              		.global	printExceptionInfo
  12              	printExceptionInfo:
  13              		@ args = 0, pretend = 0, frame = 0
  14              		@ frame_needed = 0, uses_anonymous_args = 0
  15 0000 0120A0E1 		mov	r2, r1
  16 0004 04E02DE5 		str	lr, [sp, #-4]!
  17 0008 0010A0E1 		mov	r1, r0
  18 000c 0C009FE5 		ldr	r0, .L4
  19 0010 FEFFFFEB 		bl	rprintf
  20 0014 08009FE5 		ldr	r0, .L4+4
  21 0018 FEFFFFEB 		bl	rprintf
  22              	.L2:
  23 001c FEFFFFEA 		b	.L2
  24              	.L5:
  25              		.align	2
  26              	.L4:
  27 0020 00000000 		.word	.LC0
  28 0024 26000000 		.word	.LC1
  30              		.section	.rodata.str1.1
  31              	.LC2:
  32 0062 46495120 		.ascii	"FIQ Interrupt Exception\000"
  32      496E7465 
  32      72727570 
  32      74204578 
  32      63657074 
  33              		.text
  34              		.align	2
  35              		.global	Exception_FIQHandler
  37              	Exception_FIQHandler:
  38              		@ args = 0, pretend = 0, frame = 0
  39              		@ frame_needed = 0, uses_anonymous_args = 0
  40 0028 04E02DE5 		str	lr, [sp, #-4]!
  41 002c 08009FE5 		ldr	r0, .L8
  42 0030 04104EE2 		sub	r1, lr, #4
  43 0034 04E09DE4 		ldr	lr, [sp], #4
  44 0038 FEFFFFEA 		b	printExceptionInfo
  45              	.L9:
  46              		.align	2
  47              	.L8:
  48 003c 62000000 		.word	.LC2
  50              		.section	.rodata.str1.1
  51              	.LC3:
  52 007a 556E6465 		.ascii	"Undefined Data Access Exception\000"
  52      66696E65 
  52      64204461 
  52      74612041 
  52      63636573 
  53              		.text
  54              		.align	2
  55              		.global	Exception_DataAbort
  57              	Exception_DataAbort:
  58              		@ args = 0, pretend = 0, frame = 0
  59              		@ frame_needed = 0, uses_anonymous_args = 0
  60 0040 04E02DE5 		str	lr, [sp, #-4]!
  61 0044 08009FE5 		ldr	r0, .L12
  62 0048 08104EE2 		sub	r1, lr, #8
  63 004c 04E09DE4 		ldr	lr, [sp], #4
  64 0050 FEFFFFEA 		b	printExceptionInfo
  65              	.L13:
  66              		.align	2
  67              	.L12:
  68 0054 7A000000 		.word	.LC3
  70              		.section	.rodata.str1.1
  71              	.LC4:
  72 009a 556E6465 		.ascii	"Undefined Instruction Exception\000"
  72      66696E65 
  72      6420496E 
  72      73747275 
  72      6374696F 
  73              		.text
  74              		.align	2
  75              		.global	Exception_PrefetchAbort
  77              	Exception_PrefetchAbort:
  78              		@ args = 0, pretend = 0, frame = 0
  79              		@ frame_needed = 0, uses_anonymous_args = 0
  80 0058 04E02DE5 		str	lr, [sp, #-4]!
  81 005c 08009FE5 		ldr	r0, .L16
  82 0060 04104EE2 		sub	r1, lr, #4
  83 0064 04E09DE4 		ldr	lr, [sp], #4
  84 0068 FEFFFFEA 		b	printExceptionInfo
  85              	.L17:
  86              		.align	2
  87              	.L16:
  88 006c 9A000000 		.word	.LC4
  90              		.section	.rodata.str1.1
  91              	.LC5:
  92 00ba 556E6465 		.ascii	"Undefined Address Exception\000"
  92      66696E65 
  92      64204164 
  92      64726573 
  92      73204578 
  93              		.text
  94              		.align	2
  95              		.global	Exception_UndefinedAddress
  97              	Exception_UndefinedAddress:
  98              		@ args = 0, pretend = 0, frame = 0
  99              		@ frame_needed = 0, uses_anonymous_args = 0
 100 0070 04E02DE5 		str	lr, [sp, #-4]!
 101 0074 08009FE5 		ldr	r0, .L20
 102 0078 04104EE2 		sub	r1, lr, #4
 103 007c 04E09DE4 		ldr	lr, [sp], #4
 104 0080 FEFFFFEA 		b	printExceptionInfo
 105              	.L21:
 106              		.align	2
 107              	.L20:
 108 0084 BA000000 		.word	.LC5
 110              		.ident	"GCC: (GNU) 4.3.2"
DEFINED SYMBOLS
                            *ABS*:00000000 exceptionHandlers.c
/cygdrive/c/Users/ADMINI~1/AppData/Local/Temp/ccMcezMF.s:12     .text:00000000 printExceptionInfo
/cygdrive/c/Users/ADMINI~1/AppData/Local/Temp/ccMcezMF.s:15     .text:00000000 $a
/cygdrive/c/Users/ADMINI~1/AppData/Local/Temp/ccMcezMF.s:27     .text:00000020 $d
/cygdrive/c/Users/ADMINI~1/AppData/Local/Temp/ccMcezMF.s:37     .text:00000028 Exception_FIQHandler
/cygdrive/c/Users/ADMINI~1/AppData/Local/Temp/ccMcezMF.s:40     .text:00000028 $a
/cygdrive/c/Users/ADMINI~1/AppData/Local/Temp/ccMcezMF.s:48     .text:0000003c $d
/cygdrive/c/Users/ADMINI~1/AppData/Local/Temp/ccMcezMF.s:57     .text:00000040 Exception_DataAbort
/cygdrive/c/Users/ADMINI~1/AppData/Local/Temp/ccMcezMF.s:60     .text:00000040 $a
/cygdrive/c/Users/ADMINI~1/AppData/Local/Temp/ccMcezMF.s:68     .text:00000054 $d
/cygdrive/c/Users/ADMINI~1/AppData/Local/Temp/ccMcezMF.s:77     .text:00000058 Exception_PrefetchAbort
/cygdrive/c/Users/ADMINI~1/AppData/Local/Temp/ccMcezMF.s:80     .text:00000058 $a
/cygdrive/c/Users/ADMINI~1/AppData/Local/Temp/ccMcezMF.s:88     .text:0000006c $d
/cygdrive/c/Users/ADMINI~1/AppData/Local/Temp/ccMcezMF.s:97     .text:00000070 Exception_UndefinedAddress
/cygdrive/c/Users/ADMINI~1/AppData/Local/Temp/ccMcezMF.s:100    .text:00000070 $a
/cygdrive/c/Users/ADMINI~1/AppData/Local/Temp/ccMcezMF.s:108    .text:00000084 $d

UNDEFINED SYMBOLS
rprintf
