   1              		.file	"watchdog.c"
   2              		.text
   3              		.align	2
   4              		.global	watchdog_Reset
   6              	watchdog_Reset:
   7              		@ args = 0, pretend = 0, frame = 0
   8              		@ frame_needed = 0, uses_anonymous_args = 0
   9              		@ link register save eliminated.
  10 0000 0E32A0E3 		mov	r3, #-536870912
  11 0004 AA20A0E3 		mov	r2, #170
  12 0008 082083E5 		str	r2, [r3, #8]
  13 000c 5520A0E3 		mov	r2, #85
  14 0010 082083E5 		str	r2, [r3, #8]
  15 0014 1EFF2FE1 		bx	lr
  17              		.align	2
  18              		.global	watchdog_Feed
  20              	watchdog_Feed:
  21              		@ args = 0, pretend = 0, frame = 0
  22              		@ frame_needed = 0, uses_anonymous_args = 0
  23              		@ link register save eliminated.
  24 0018 0E32A0E3 		mov	r3, #-536870912
  25 001c AA20A0E3 		mov	r2, #170
  26 0020 082083E5 		str	r2, [r3, #8]
  27 0024 5520A0E3 		mov	r2, #85
  28 0028 082083E5 		str	r2, [r3, #8]
  29 002c 1EFF2FE1 		bx	lr
  31              		.align	2
  32              		.global	watchdog_Start
  34              	watchdog_Start:
  35              		@ args = 0, pretend = 0, frame = 0
  36              		@ frame_needed = 0, uses_anonymous_args = 0
  37              		@ link register save eliminated.
  38 0030 0E22A0E3 		mov	r2, #-536870912
  39 0034 0030E0E3 		mvn	r3, #0
  40 0038 043082E5 		str	r3, [r2, #4]
  41 003c 023083E2 		add	r3, r3, #2
  42 0040 003082E5 		str	r3, [r2, #0]
  43 0044 A93083E2 		add	r3, r3, #169
  44 0048 083082E5 		str	r3, [r2, #8]
  45 004c 5530A0E3 		mov	r3, #85
  46 0050 083082E5 		str	r3, [r2, #8]
  47 0054 1EFF2FE1 		bx	lr
  49              		.align	2
  50              		.global	watchdog_Stop
  52              	watchdog_Stop:
  53              		@ args = 0, pretend = 0, frame = 0
  54              		@ frame_needed = 0, uses_anonymous_args = 0
  55              		@ link register save eliminated.
  56 0058 0E22A0E3 		mov	r2, #-536870912
  57 005c 0030A0E3 		mov	r3, #0
  58 0060 003082E5 		str	r3, [r2, #0]
  59 0064 AA3083E2 		add	r3, r3, #170
  60 0068 083082E5 		str	r3, [r2, #8]
  61 006c 5530A0E3 		mov	r3, #85
  62 0070 083082E5 		str	r3, [r2, #8]
  63 0074 1EFF2FE1 		bx	lr
  65              		.align	2
  66              		.global	watchdogDelayUs
  68              	watchdogDelayUs:
  69              		@ args = 0, pretend = 0, frame = 0
  70              		@ frame_needed = 0, uses_anonymous_args = 0
  71              		@ link register save eliminated.
  72 0078 0C30A0E3 		mov	r3, #12
  73 007c 930001E0 		mul	r1, r3, r0
  74 0080 0E22A0E3 		mov	r2, #-536870912
  75 0084 0030E0E3 		mvn	r3, #0
  76 0088 043082E5 		str	r3, [r2, #4]
  77 008c 023083E2 		add	r3, r3, #2
  78 0090 003082E5 		str	r3, [r2, #0]
  79 0094 A93083E2 		add	r3, r3, #169
  80 0098 083082E5 		str	r3, [r2, #8]
  81 009c 5530A0E3 		mov	r3, #85
  82 00a0 083082E5 		str	r3, [r2, #8]
  83 00a4 0110E0E1 		mvn	r1, r1
  84              	.L10:
  85 00a8 0C3092E5 		ldr	r3, [r2, #12]
  86 00ac 010053E1 		cmp	r3, r1
  87 00b0 0E02A0E3 		mov	r0, #-536870912
  88 00b4 FBFFFF8A 		bhi	.L10
  89 00b8 0030A0E3 		mov	r3, #0
  90 00bc 003080E5 		str	r3, [r0, #0]
  91 00c0 AA3083E2 		add	r3, r3, #170
  92 00c4 083080E5 		str	r3, [r0, #8]
  93 00c8 5530A0E3 		mov	r3, #85
  94 00cc 083080E5 		str	r3, [r0, #8]
  95 00d0 1EFF2FE1 		bx	lr
  97              		.ident	"GCC: (GNU) 4.3.2"
DEFINED SYMBOLS
                            *ABS*:00000000 watchdog.c
/cygdrive/c/Users/ADMINI~1/AppData/Local/Temp/ccoYxn9h.s:6      .text:00000000 watchdog_Reset
/cygdrive/c/Users/ADMINI~1/AppData/Local/Temp/ccoYxn9h.s:10     .text:00000000 $a
/cygdrive/c/Users/ADMINI~1/AppData/Local/Temp/ccoYxn9h.s:20     .text:00000018 watchdog_Feed
/cygdrive/c/Users/ADMINI~1/AppData/Local/Temp/ccoYxn9h.s:34     .text:00000030 watchdog_Start
/cygdrive/c/Users/ADMINI~1/AppData/Local/Temp/ccoYxn9h.s:52     .text:00000058 watchdog_Stop
/cygdrive/c/Users/ADMINI~1/AppData/Local/Temp/ccoYxn9h.s:68     .text:00000078 watchdogDelayUs

NO UNDEFINED SYMBOLS
