   1              		.file	"rtc.c"
   2              		.text
   3              		.align	2
   4              		.global	initialize_RTC
   6              	initialize_RTC:
   7              		@ args = 0, pretend = 0, frame = 0
   8              		@ frame_needed = 0, uses_anonymous_args = 0
   9              		@ link register save eliminated.
  10 0000 18309FE5 		ldr	r3, .L3
  11 0004 1120A0E3 		mov	r2, #17
  12 0008 082083E5 		str	r2, [r3, #8]
  13 000c 10209FE5 		ldr	r2, .L3+4
  14 0010 C43092E5 		ldr	r3, [r2, #196]
  15 0014 023CC3E3 		bic	r3, r3, #512
  16 0018 C43082E5 		str	r3, [r2, #196]
  17 001c 1EFF2FE1 		bx	lr
  18              	.L4:
  19              		.align	2
  20              	.L3:
  21 0020 004002E0 		.word	-536723456
  22 0024 00C01FE0 		.word	-534790144
  24              		.align	2
  25              		.global	rtc_gettime
  27              	rtc_gettime:
  28              		@ args = 0, pretend = 0, frame = 0
  29              		@ frame_needed = 0, uses_anonymous_args = 0
  30 0028 74209FE5 		ldr	r2, .L11
  31 002c 70402DE9 		stmfd	sp!, {r4, r5, r6, lr}
  32 0030 0060A0E1 		mov	r6, r0
  33              	.L10:
  34 0034 140092E5 		ldr	r0, [r2, #20]
  35 0038 185092E5 		ldr	r5, [r2, #24]
  36 003c 143092E5 		ldr	r3, [r2, #20]
  37 0040 030050E1 		cmp	r0, r3
  38 0044 FAFFFF1A 		bne	.L10
  39 0048 183092E5 		ldr	r3, [r2, #24]
  40 004c 030055E1 		cmp	r5, r3
  41 0050 F7FFFF1A 		bne	.L10
  42 0054 204CA0E1 		mov	r4, r0, lsr #24
  43 0058 2538A0E1 		mov	r3, r5, lsr #16
  44 005c 2024A0E1 		mov	r2, r0, lsr #8
  45 0060 2018A0E1 		mov	r1, r0, lsr #16
  46 0064 25C4A0E1 		mov	ip, r5, lsr #8
  47 0068 3F2002E2 		and	r2, r2, #63
  48 006c 1F1001E2 		and	r1, r1, #31
  49 0070 074004E2 		and	r4, r4, #7
  50 0074 0FC00CE2 		and	ip, ip, #15
  51 0078 0F3AC3E3 		bic	r3, r3, #61440
  52 007c 3F0000E2 		and	r0, r0, #63
  53 0080 1F5005E2 		and	r5, r5, #31
  54 0084 B030C6E1 		strh	r3, [r6, #0]	@ movhi
  55 0088 0700C6E5 		strb	r0, [r6, #7]
  56 008c 0620C6E5 		strb	r2, [r6, #6]
  57 0090 0510C6E5 		strb	r1, [r6, #5]
  58 0094 0440C6E5 		strb	r4, [r6, #4]
  59 0098 0350C6E5 		strb	r5, [r6, #3]
  60 009c 02C0C6E5 		strb	ip, [r6, #2]
  61 00a0 7080BDE8 		ldmfd	sp!, {r4, r5, r6, pc}
  62              	.L12:
  63              		.align	2
  64              	.L11:
  65 00a4 004002E0 		.word	-536723456
  67              		.align	2
  68              		.global	rtc_settime
  70              	rtc_settime:
  71              		@ args = 0, pretend = 0, frame = 0
  72              		@ frame_needed = 0, uses_anonymous_args = 0
  73              		@ link register save eliminated.
  74 00a8 58209FE5 		ldr	r2, .L15
  75 00ac 1230A0E3 		mov	r3, #18
  76 00b0 083082E5 		str	r3, [r2, #8]
  77 00b4 0730D0E5 		ldrb	r3, [r0, #7]	@ zero_extendqisi2
  78 00b8 203082E5 		str	r3, [r2, #32]
  79 00bc 0630D0E5 		ldrb	r3, [r0, #6]	@ zero_extendqisi2
  80 00c0 243082E5 		str	r3, [r2, #36]
  81 00c4 0530D0E5 		ldrb	r3, [r0, #5]	@ zero_extendqisi2
  82 00c8 283082E5 		str	r3, [r2, #40]
  83 00cc 0430D0E5 		ldrb	r3, [r0, #4]	@ zero_extendqisi2
  84 00d0 303082E5 		str	r3, [r2, #48]
  85 00d4 0330D0E5 		ldrb	r3, [r0, #3]	@ zero_extendqisi2
  86 00d8 2C3082E5 		str	r3, [r2, #44]
  87 00dc 0230D0E5 		ldrb	r3, [r0, #2]	@ zero_extendqisi2
  88 00e0 B010D0E1 		ldrh	r1, [r0, #0]
  89 00e4 383082E5 		str	r3, [r2, #56]
  90 00e8 1130A0E3 		mov	r3, #17
  91 00ec 3C1082E5 		str	r1, [r2, #60]
  92 00f0 083082E5 		str	r3, [r2, #8]
  93 00f4 762982E2 		add	r2, r2, #1933312
  94 00f8 C43092E5 		ldr	r3, [r2, #196]
  95 00fc 023CC3E3 		bic	r3, r3, #512
  96 0100 C43082E5 		str	r3, [r2, #196]
  97 0104 1EFF2FE1 		bx	lr
  98              	.L16:
  99              		.align	2
 100              	.L15:
 101 0108 004002E0 		.word	-536723456
 103              		.align	2
 104              		.global	get_fattime
 106              	get_fattime:
 107              		@ args = 0, pretend = 0, frame = 8
 108              		@ frame_needed = 0, uses_anonymous_args = 0
 109 010c 04E02DE5 		str	lr, [sp, #-4]!
 110 0110 08D04DE2 		sub	sp, sp, #8
 111 0114 0D00A0E1 		mov	r0, sp
 112 0118 FEFFFFEB 		bl	rtc_gettime
 113 011c 0200DDE5 		ldrb	r0, [sp, #2]	@ zero_extendqisi2
 114 0120 0330DDE5 		ldrb	r3, [sp, #3]	@ zero_extendqisi2
 115 0124 0520DDE5 		ldrb	r2, [sp, #5]	@ zero_extendqisi2
 116 0128 800AA0E1 		mov	r0, r0, asl #21
 117 012c 030880E1 		orr	r0, r0, r3, asl #16
 118 0130 0610DDE5 		ldrb	r1, [sp, #6]	@ zero_extendqisi2
 119 0134 B030DDE1 		ldrh	r3, [sp, #0]
 120 0138 820580E1 		orr	r0, r0, r2, asl #11
 121 013c 0720DDE5 		ldrb	r2, [sp, #7]	@ zero_extendqisi2
 122 0140 810280E1 		orr	r0, r0, r1, asl #5
 123 0144 7B3E43E2 		sub	r3, r3, #1968
 124 0148 A20080E1 		orr	r0, r0, r2, lsr #1
 125 014c 0C3043E2 		sub	r3, r3, #12
 126 0150 830C80E1 		orr	r0, r0, r3, asl #25
 127 0154 08D08DE2 		add	sp, sp, #8
 128 0158 0080BDE8 		ldmfd	sp!, {pc}
 130              		.ident	"GCC: (GNU) 4.3.2"
DEFINED SYMBOLS
                            *ABS*:00000000 rtc.c
/cygdrive/c/Users/ADMINI~1/AppData/Local/Temp/ccLhlmLf.s:6      .text:00000000 initialize_RTC
/cygdrive/c/Users/ADMINI~1/AppData/Local/Temp/ccLhlmLf.s:10     .text:00000000 $a
/cygdrive/c/Users/ADMINI~1/AppData/Local/Temp/ccLhlmLf.s:21     .text:00000020 $d
/cygdrive/c/Users/ADMINI~1/AppData/Local/Temp/ccLhlmLf.s:27     .text:00000028 rtc_gettime
/cygdrive/c/Users/ADMINI~1/AppData/Local/Temp/ccLhlmLf.s:30     .text:00000028 $a
/cygdrive/c/Users/ADMINI~1/AppData/Local/Temp/ccLhlmLf.s:65     .text:000000a4 $d
/cygdrive/c/Users/ADMINI~1/AppData/Local/Temp/ccLhlmLf.s:70     .text:000000a8 rtc_settime
/cygdrive/c/Users/ADMINI~1/AppData/Local/Temp/ccLhlmLf.s:74     .text:000000a8 $a
/cygdrive/c/Users/ADMINI~1/AppData/Local/Temp/ccLhlmLf.s:101    .text:00000108 $d
/cygdrive/c/Users/ADMINI~1/AppData/Local/Temp/ccLhlmLf.s:106    .text:0000010c get_fattime
/cygdrive/c/Users/ADMINI~1/AppData/Local/Temp/ccLhlmLf.s:109    .text:0000010c $a

NO UNDEFINED SYMBOLS
