   1              		.file	"port.c"
   2              		.text
   3              		.align	2
   4              		.global	pxPortInitialiseStack
   6              	pxPortInitialiseStack:
   7              		@ args = 0, pretend = 0, frame = 28
   8              		@ frame_needed = 0, uses_anonymous_args = 0
   9 0000 00C0A0E1 		mov	ip, r0
  10 0004 043081E2 		add	r3, r1, #4
  11 0008 04300CE4 		str	r3, [ip], #-4
  12 000c F04F2DE9 		stmfd	sp!, {r4, r5, r6, r7, r8, r9, sl, fp, lr}
  13 0010 04404CE2 		sub	r4, ip, #4
  14 0014 045044E2 		sub	r5, r4, #4
  15 0018 046045E2 		sub	r6, r5, #4
  16 001c 047046E2 		sub	r7, r6, #4
  17 0020 048047E2 		sub	r8, r7, #4
  18 0024 04A048E2 		sub	sl, r8, #4
  19 0028 04904AE2 		sub	r9, sl, #4
  20 002c 1CD04DE2 		sub	sp, sp, #28
  21 0030 043049E2 		sub	r3, r9, #4
  22 0034 04308DE5 		str	r3, [sp, #4]
  23 0038 043043E2 		sub	r3, r3, #4
  24 003c 08308DE5 		str	r3, [sp, #8]
  25 0040 043043E2 		sub	r3, r3, #4
  26 0044 0C308DE5 		str	r3, [sp, #12]
  27 0048 043043E2 		sub	r3, r3, #4
  28 004c 10308DE5 		str	r3, [sp, #16]
  29 0050 043043E2 		sub	r3, r3, #4
  30 0054 14308DE5 		str	r3, [sp, #20]
  31 0058 010011E3 		tst	r1, #1
  32 005c 043043E2 		sub	r3, r3, #4
  33 0060 041043E2 		sub	r1, r3, #4
  34 0064 18308DE5 		str	r3, [sp, #24]
  35 0068 3F30A013 		movne	r3, #63
  36 006c 1F30A003 		moveq	r3, #31
  37 0070 00308DE5 		str	r3, [sp, #0]
  38 0074 A0309FE5 		ldr	r3, .L5
  39 0078 043000E5 		str	r3, [r0, #-4]
  40 007c 9C309FE5 		ldr	r3, .L5+4
  41 0080 04000CE5 		str	r0, [ip, #-4]
  42 0084 043004E5 		str	r3, [r4, #-4]
  43 0088 94309FE5 		ldr	r3, .L5+8
  44 008c 043005E5 		str	r3, [r5, #-4]
  45 0090 90309FE5 		ldr	r3, .L5+12
  46 0094 043006E5 		str	r3, [r6, #-4]
  47 0098 8C309FE5 		ldr	r3, .L5+16
  48 009c 043007E5 		str	r3, [r7, #-4]
  49 00a0 88309FE5 		ldr	r3, .L5+20
  50 00a4 043008E5 		str	r3, [r8, #-4]
  51 00a8 84309FE5 		ldr	r3, .L5+24
  52 00ac 04300AE5 		str	r3, [sl, #-4]
  53 00b0 80309FE5 		ldr	r3, .L5+28
  54 00b4 04009DE5 		ldr	r0, [sp, #4]
  55 00b8 043009E5 		str	r3, [r9, #-4]
  56 00bc 78309FE5 		ldr	r3, .L5+32
  57 00c0 043000E5 		str	r3, [r0, #-4]
  58 00c4 08009DE5 		ldr	r0, [sp, #8]
  59 00c8 70309FE5 		ldr	r3, .L5+36
  60 00cc 043000E5 		str	r3, [r0, #-4]
  61 00d0 0C009DE5 		ldr	r0, [sp, #12]
  62 00d4 68309FE5 		ldr	r3, .L5+40
  63 00d8 043000E5 		str	r3, [r0, #-4]
  64 00dc 10009DE5 		ldr	r0, [sp, #16]
  65 00e0 60309FE5 		ldr	r3, .L5+44
  66 00e4 043000E5 		str	r3, [r0, #-4]
  67 00e8 14009DE5 		ldr	r0, [sp, #20]
  68 00ec 58309FE5 		ldr	r3, .L5+48
  69 00f0 043000E5 		str	r3, [r0, #-4]
  70 00f4 18309DE5 		ldr	r3, [sp, #24]
  71 00f8 00009DE5 		ldr	r0, [sp, #0]
  72 00fc 042003E5 		str	r2, [r3, #-4]
  73 0100 04B041E2 		sub	fp, r1, #4
  74 0104 0030A0E3 		mov	r3, #0
  75 0108 040001E5 		str	r0, [r1, #-4]
  76 010c 04300BE5 		str	r3, [fp, #-4]
  77 0110 04004BE2 		sub	r0, fp, #4
  78 0114 1CD08DE2 		add	sp, sp, #28
  79 0118 F08FBDE8 		ldmfd	sp!, {r4, r5, r6, r7, r8, r9, sl, fp, pc}
  80              	.L6:
  81              		.align	2
  82              	.L5:
  83 011c AAAAAAAA 		.word	-1431655766
  84 0120 12121212 		.word	303174162
  85 0124 11111111 		.word	286331153
  86 0128 10101010 		.word	269488144
  87 012c 09090909 		.word	151587081
  88 0130 08080808 		.word	134744072
  89 0134 07070707 		.word	117901063
  90 0138 06060606 		.word	101058054
  91 013c 05050505 		.word	84215045
  92 0140 04040404 		.word	67372036
  93 0144 03030303 		.word	50529027
  94 0148 02020202 		.word	33686018
  95 014c 01010101 		.word	16843009
  97              		.align	2
  98              		.global	vPortEndScheduler
 100              	vPortEndScheduler:
 101              		@ args = 0, pretend = 0, frame = 0
 102              		@ frame_needed = 0, uses_anonymous_args = 0
 103              		@ link register save eliminated.
 104 0150 1EFF2FE1 		bx	lr
 106              		.align	2
 107              		.global	xPortStartScheduler
 109              	xPortStartScheduler:
 110              		@ args = 0, pretend = 0, frame = 0
 111              		@ frame_needed = 0, uses_anonymous_args = 0
 112 0154 58109FE5 		ldr	r1, .L11
 113 0158 58309FE5 		ldr	r3, .L11+4
 114 015c 10402DE9 		stmfd	sp!, {r4, lr}
 115 0160 0040A0E3 		mov	r4, #0
 116 0164 0C4081E5 		str	r4, [r1, #12]
 117 0168 183081E5 		str	r3, [r1, #24]
 118 016c 0330A0E3 		mov	r3, #3
 119 0170 143081E5 		str	r3, [r1, #20]
 120 0174 0020E0E3 		mvn	r2, #0
 121 0178 F33F12E5 		ldr	r3, [r2, #-4083]
 122 017c 1030C3E3 		bic	r3, r3, #16
 123 0180 F33F02E5 		str	r3, [r2, #-4083]
 124 0184 EF3F12E5 		ldr	r3, [r2, #-4079]
 125 0188 103083E3 		orr	r3, r3, #16
 126 018c EF3F02E5 		str	r3, [r2, #-4079]
 127 0190 24309FE5 		ldr	r3, .L11+8
 128 0194 FF3E02E5 		str	r3, [r2, #-3839]
 129 0198 2430A0E3 		mov	r3, #36
 130 019c FF3D02E5 		str	r3, [r2, #-3583]
 131 01a0 0130A0E3 		mov	r3, #1
 132 01a4 043081E5 		str	r3, [r1, #4]
 133 01a8 FEFFFFEB 		bl	vPortISRStartFirstTask
 134 01ac 0400A0E1 		mov	r0, r4
 135 01b0 1080BDE8 		ldmfd	sp!, {r4, pc}
 136              	.L12:
 137              		.align	2
 138              	.L11:
 139 01b4 004000E0 		.word	-536854528
 140 01b8 80BB0000 		.word	48000
 141 01bc 00000000 		.word	vTickISR
 143              		.ident	"GCC: (GNU) 4.3.2"
DEFINED SYMBOLS
                            *ABS*:00000000 port.c
/cygdrive/c/Users/ADMINI~1/AppData/Local/Temp/ccPXRRFm.s:6      .text:00000000 pxPortInitialiseStack
/cygdrive/c/Users/ADMINI~1/AppData/Local/Temp/ccPXRRFm.s:9      .text:00000000 $a
/cygdrive/c/Users/ADMINI~1/AppData/Local/Temp/ccPXRRFm.s:83     .text:0000011c $d
/cygdrive/c/Users/ADMINI~1/AppData/Local/Temp/ccPXRRFm.s:100    .text:00000150 vPortEndScheduler
/cygdrive/c/Users/ADMINI~1/AppData/Local/Temp/ccPXRRFm.s:104    .text:00000150 $a
/cygdrive/c/Users/ADMINI~1/AppData/Local/Temp/ccPXRRFm.s:109    .text:00000154 xPortStartScheduler
/cygdrive/c/Users/ADMINI~1/AppData/Local/Temp/ccPXRRFm.s:139    .text:000001b4 $d

UNDEFINED SYMBOLS
vPortISRStartFirstTask
vTickISR
