   1              		.file	"reentrant.c"
   2              		.text
   3              		.align	2
   4              		.global	ff_del_syncobj
   6              	ff_del_syncobj:
   7              		@ args = 0, pretend = 0, frame = 0
   8              		@ frame_needed = 0, uses_anonymous_args = 0
   9              		@ link register save eliminated.
  10 0000 0100A0E3 		mov	r0, #1
  11 0004 1EFF2FE1 		bx	lr
  13              		.align	2
  14              		.global	ff_rel_grant
  16              	ff_rel_grant:
  17              		@ args = 0, pretend = 0, frame = 0
  18              		@ frame_needed = 0, uses_anonymous_args = 0
  19              		@ link register save eliminated.
  20 0008 0010A0E3 		mov	r1, #0
  21 000c 0120A0E1 		mov	r2, r1
  22 0010 0130A0E1 		mov	r3, r1
  23 0014 FEFFFFEA 		b	xQueueGenericSend
  25              		.align	2
  26              		.global	ff_req_grant
  28              	ff_req_grant:
  29              		@ args = 0, pretend = 0, frame = 0
  30              		@ frame_needed = 0, uses_anonymous_args = 0
  31 0018 0010A0E3 		mov	r1, #0
  32 001c 04E02DE5 		str	lr, [sp, #-4]!
  33 0020 14209FE5 		ldr	r2, .L7
  34 0024 0130A0E1 		mov	r3, r1
  35 0028 FEFFFFEB 		bl	xQueueGenericReceive
  36 002c 010050E3 		cmp	r0, #1
  37 0030 0000A013 		movne	r0, #0
  38 0034 0100A003 		moveq	r0, #1
  39 0038 04F09DE4 		ldr	pc, [sp], #4
  40              	.L8:
  41              		.align	2
  42              	.L7:
  43 003c B80B0000 		.word	3000
  45              		.align	2
  46              		.global	ff_cre_syncobj
  48              	ff_cre_syncobj:
  49              		@ args = 0, pretend = 0, frame = 0
  50              		@ frame_needed = 0, uses_anonymous_args = 0
  51 0040 10402DE9 		stmfd	sp!, {r4, lr}
  52 0044 0100A0E3 		mov	r0, #1
  53 0048 0140A0E1 		mov	r4, r1
  54 004c FEFFFFEB 		bl	xQueueCreateMutex
  55 0050 000084E5 		str	r0, [r4, #0]
  56 0054 000050E2 		subs	r0, r0, #0
  57 0058 0100A013 		movne	r0, #1
  58 005c 1080BDE8 		ldmfd	sp!, {r4, pc}
  60              		.ident	"GCC: (GNU) 4.3.2"
DEFINED SYMBOLS
                            *ABS*:00000000 reentrant.c
/cygdrive/c/Users/ADMINI~1/AppData/Local/Temp/ccwR21UE.s:6      .text:00000000 ff_del_syncobj
/cygdrive/c/Users/ADMINI~1/AppData/Local/Temp/ccwR21UE.s:10     .text:00000000 $a
/cygdrive/c/Users/ADMINI~1/AppData/Local/Temp/ccwR21UE.s:16     .text:00000008 ff_rel_grant
/cygdrive/c/Users/ADMINI~1/AppData/Local/Temp/ccwR21UE.s:28     .text:00000018 ff_req_grant
/cygdrive/c/Users/ADMINI~1/AppData/Local/Temp/ccwR21UE.s:43     .text:0000003c $d
/cygdrive/c/Users/ADMINI~1/AppData/Local/Temp/ccwR21UE.s:48     .text:00000040 ff_cre_syncobj
/cygdrive/c/Users/ADMINI~1/AppData/Local/Temp/ccwR21UE.s:51     .text:00000040 $a

UNDEFINED SYMBOLS
xQueueGenericSend
xQueueGenericReceive
xQueueCreateMutex
