   1              		.file	"chipSelectSrc.c"
   2              		.text
   3              		.align	2
   4              		.global	CS_Sel
   6              	CS_Sel:
   7              		@ args = 0, pretend = 0, frame = 0
   8              		@ frame_needed = 0, uses_anonymous_args = 0
   9              		@ link register save eliminated.
  10 0000 34309FE5 		ldr	r3, .L7
  11 0004 012AA0E3 		mov	r2, #4096
  12 0008 010050E3 		cmp	r0, #1
  13 000c 011BA0E3 		mov	r1, #1024
  14 0010 02C2A0E3 		mov	ip, #536870912
  15 0014 041083E5 		str	r1, [r3, #4]
  16 0018 042083E5 		str	r2, [r3, #4]
  17 001c 1CC083E5 		str	ip, [r3, #28]
  18 0020 0C208305 		streq	r2, [r3, #12]
  19 0024 1EFF2F01 		bxeq	lr
  20 0028 0C108335 		strcc	r1, [r3, #12]
  21 002c 1EFF2F31 		bxcc	lr
  22 0030 020050E3 		cmp	r0, #2
  23 0034 14C08305 		streq	ip, [r3, #20]
  24 0038 1EFF2FE1 		bx	lr
  25              	.L8:
  26              		.align	2
  27              	.L7:
  28 003c 008002E0 		.word	-536707072
  30              		.align	2
  31              		.global	CS_Init
  33              	CS_Init:
  34              		@ args = 0, pretend = 0, frame = 0
  35              		@ frame_needed = 0, uses_anonymous_args = 0
  36 0040 50209FE5 		ldr	r2, .L11
  37 0044 083092E5 		ldr	r3, [r2, #8]
  38 0048 013B83E3 		orr	r3, r3, #1024
  39 004c 083082E5 		str	r3, [r2, #8]
  40 0050 083092E5 		ldr	r3, [r2, #8]
  41 0054 013A83E3 		orr	r3, r3, #4096
  42 0058 083082E5 		str	r3, [r2, #8]
  43 005c 183092E5 		ldr	r3, [r2, #24]
  44 0060 023283E3 		orr	r3, r3, #536870912
  45 0064 04E02DE5 		str	lr, [sp, #-4]!
  46 0068 183082E5 		str	r3, [r2, #24]
  47 006c 0300A0E3 		mov	r0, #3
  48 0070 FEFFFFEB 		bl	CS_Sel
  49 0074 0000A0E3 		mov	r0, #0
  50 0078 FEFFFFEB 		bl	CS_Sel
  51 007c 0100A0E3 		mov	r0, #1
  52 0080 FEFFFFEB 		bl	CS_Sel
  53 0084 0200A0E3 		mov	r0, #2
  54 0088 FEFFFFEB 		bl	CS_Sel
  55 008c 0300A0E3 		mov	r0, #3
  56 0090 04E09DE4 		ldr	lr, [sp], #4
  57 0094 FEFFFFEA 		b	CS_Sel
  58              	.L12:
  59              		.align	2
  60              	.L11:
  61 0098 008002E0 		.word	-536707072
  63              		.ident	"GCC: (GNU) 4.3.2"
DEFINED SYMBOLS
                            *ABS*:00000000 chipSelectSrc.c
/cygdrive/c/Users/ADMINI~1/AppData/Local/Temp/ccQhNPQa.s:6      .text:00000000 CS_Sel
/cygdrive/c/Users/ADMINI~1/AppData/Local/Temp/ccQhNPQa.s:10     .text:00000000 $a
/cygdrive/c/Users/ADMINI~1/AppData/Local/Temp/ccQhNPQa.s:28     .text:0000003c $d
/cygdrive/c/Users/ADMINI~1/AppData/Local/Temp/ccQhNPQa.s:33     .text:00000040 CS_Init
/cygdrive/c/Users/ADMINI~1/AppData/Local/Temp/ccQhNPQa.s:36     .text:00000040 $a
/cygdrive/c/Users/ADMINI~1/AppData/Local/Temp/ccQhNPQa.s:61     .text:00000098 $d

NO UNDEFINED SYMBOLS
