   1              		.file	"control.cpp"
   2              		.section	.rodata.str1.1,"aMS",%progbits,1
   3              	.LC0:
   4 0000 4572726F 		.ascii	"Error in QueueReceive: control queue is empty (wait"
   4      7220696E 
   4      20517565 
   4      75655265 
   4      63656976 
   5 0033 65642035 		.ascii	"ed 5 seconds)\012\000"
   5      20736563 
   5      6F6E6473 
   5      290A00
   6              	.LC1:
   7 0042 52657375 		.ascii	"Resume\012\000"
   7      6D650A00 
   8              	.LC2:
   9 004a 50617573 		.ascii	"Pause...\000"
   9      652E2E2E 
   9      00
  10              	.LC4:
  11 0053 496E7661 		.ascii	"Invalid directory: |%s|\012\000"
  11      6C696420 
  11      64697265 
  11      63746F72 
  11      793A207C 
  12              	.LC5:
  13 006c 4572726F 		.ascii	"Error in QueueSend: song queue is full (waited 3 se"
  13      7220696E 
  13      20517565 
  13      75655365 
  13      6E643A20 
  14 009f 636F6E64 		.ascii	"conds)\012\000"
  14      73290A00 
  15              	.LC6:
  16 00a7 50757420 		.ascii	"Put song in queue: %s\012\000"
  16      736F6E67 
  16      20696E20 
  16      71756575 
  16      653A2025 
  17              	.LC7:
  18 00be 646F6E65 		.ascii	"done\000"
  18      00
  19              	.LC8:
  20 00c3 33442053 		.ascii	"3D Sound Effect On\012\000"
  20      6F756E64 
  20      20456666 
  20      65637420 
  20      4F6E0A00 
  21              	.LC9:
  22 00d7 33442053 		.ascii	"3D Sound Effect Off\012\000"
  22      6F756E64 
  22      20456666 
  22      65637420 
  22      4F66660A 
  23              	.LC3:
  24 00ec 303A00   		.ascii	"0:\000"
  25              		.text
  26              		.align	2
  27              		.global	_Z11controlTaskPv
  29              	_Z11controlTaskPv:
  30              		@ args = 0, pretend = 0, frame = 612
  31              		@ frame_needed = 0, uses_anonymous_args = 0
  32 0000 F04F2DE9 		stmfd	sp!, {r4, r5, r6, r7, r8, r9, sl, fp, lr}
  33 0004 0010A0E3 		mov	r1, #0
  34 0008 99DF4DE2 		sub	sp, sp, #612
  35 000c 0090A0E1 		mov	r9, r0
  36 0010 5000A0E3 		mov	r0, #80
  37 0014 FEFFFFEB 		bl	sta013SetVolume
  38 0018 8A2F8DE2 		add	r2, sp, #552
  39 001c 092082E2 		add	r2, r2, #9
  40 0020 0080A0E3 		mov	r8, #0
  41 0024 00208DE5 		str	r2, [sp, #0]
  42 0028 0870A0E1 		mov	r7, r8
  43 002c 08B0A0E1 		mov	fp, r8
  44 0030 92AF8DE2 		add	sl, sp, #584
  45              	.L21:
  46 0034 261E8DE2 		add	r1, sp, #608
  47 0038 040099E5 		ldr	r0, [r9, #4]
  48 003c 031081E2 		add	r1, r1, #3
  49 0040 0020E0E3 		mvn	r2, #0
  50 0044 0030A0E3 		mov	r3, #0
  51 0048 FEFFFFEB 		bl	xQueueGenericReceive
  52 004c 010050E3 		cmp	r0, #1
  53 0050 90029F15 		ldrne	r0, .L23
  54 0054 FEFFFF1B 		blne	rprintf
  55              	.L2:
  56 0058 262E8DE2 		add	r2, sp, #608
  57 005c 032082E2 		add	r2, r2, #3
  58 0060 D030D2E1 		ldrsb	r3, [r2, #0]
  59 0064 000053E3 		cmp	r3, #0
  60 0068 6362DDE5 		ldrb	r6, [sp, #611]	@ zero_extendqisi2
  61 006c 670000AA 		bge	.L3
  62 0070 000057E3 		cmp	r7, #0
  63 0074 0B00000A 		beq	.L4
  64 0078 00005BE3 		cmp	fp, #0
  65 007c 0400000A 		beq	.L5
  66 0080 64029FE5 		ldr	r0, .L23+4
  67 0084 FEFFFFEB 		bl	rprintf
  68 0088 00B0A0E3 		mov	fp, #0
  69 008c FEFFFFEB 		bl	sta013ResumeDecoder
  70 0090 5E0000EA 		b	.L3
  71              	.L5:
  72 0094 54029FE5 		ldr	r0, .L23+8
  73 0098 FEFFFFEB 		bl	rprintf
  74 009c 01B0A0E3 		mov	fp, #1
  75 00a0 FEFFFFEB 		bl	sta013PauseDecoder
  76 00a4 590000EA 		b	.L3
  77              	.L4:
  78 00a8 974F8DE2 		add	r4, sp, #604
  79 00ac 034084E2 		add	r4, r4, #3
  80 00b0 3C129FE5 		ldr	r1, .L23+12
  81 00b4 0320A0E3 		mov	r2, #3
  82 00b8 815F8DE2 		add	r5, sp, #516
  83 00bc 0400A0E1 		mov	r0, r4
  84 00c0 FEFFFFEB 		bl	memcpy
  85 00c4 0500A0E1 		mov	r0, r5
  86 00c8 0410A0E1 		mov	r1, r4
  87 00cc FEFFFFEB 		bl	f_opendir
  88 00d0 000050E3 		cmp	r0, #0
  89 00d4 0570A001 		moveq	r7, r5
  90 00d8 0300000A 		beq	.L22
  91 00dc 0410A0E1 		mov	r1, r4
  92 00e0 10029FE5 		ldr	r0, .L23+16
  93 00e4 FEFFFFEB 		bl	rprintf
  94 00e8 D1FFFFEA 		b	.L21
  95              	.L22:
  96 00ec 04308DE2 		add	r3, sp, #4
  97 00f0 8A1F8DE2 		add	r1, sp, #552
  98 00f4 022CA0E3 		mov	r2, #512
  99 00f8 0700A0E1 		mov	r0, r7
 100 00fc 40328DE5 		str	r3, [sp, #576]
 101 0100 44228DE5 		str	r2, [sp, #580]
 102 0104 FEFFFFEB 		bl	f_readdir
 103 0108 0030A0E1 		mov	r3, r0
 104 010c FF5013E2 		ands	r5, r3, #255
 105 0110 00109DE5 		ldr	r1, [sp, #0]
 106 0114 0A00A0E1 		mov	r0, sl
 107 0118 3100001A 		bne	.L8
 108 011c 3132DDE5 		ldrb	r3, [sp, #561]	@ zero_extendqisi2
 109 0120 000053E3 		cmp	r3, #0
 110 0124 2E00000A 		beq	.L8
 111 0128 FEFFFFEB 		bl	_ZN7cStringC1EPKc
 112 012c 04108DE2 		add	r1, sp, #4
 113 0130 0A00A0E1 		mov	r0, sl
 114 0134 FEFFFFEB 		bl	_ZN7cStringaSEPKc
 115 0138 0A00A0E1 		mov	r0, sl
 116 013c FEFFFFEB 		bl	_ZNK7cString6getLenEv
 117 0140 0040A0E1 		mov	r4, r0
 118 0144 041044E2 		sub	r1, r4, #4
 119 0148 0A00A0E1 		mov	r0, sl
 120 014c FEFFFFEB 		bl	_ZN7cStringixEi
 121 0150 0030D0E5 		ldrb	r3, [r0, #0]	@ zero_extendqisi2
 122 0154 2E0053E3 		cmp	r3, #46
 123 0158 1E00001A 		bne	.L9
 124 015c 031044E2 		sub	r1, r4, #3
 125 0160 0A00A0E1 		mov	r0, sl
 126 0164 FEFFFFEB 		bl	_ZN7cStringixEi
 127 0168 0030D0E5 		ldrb	r3, [r0, #0]	@ zero_extendqisi2
 128 016c 6D0053E3 		cmp	r3, #109
 129 0170 1800001A 		bne	.L9
 130 0174 021044E2 		sub	r1, r4, #2
 131 0178 0A00A0E1 		mov	r0, sl
 132 017c FEFFFFEB 		bl	_ZN7cStringixEi
 133 0180 0030D0E5 		ldrb	r3, [r0, #0]	@ zero_extendqisi2
 134 0184 700053E3 		cmp	r3, #112
 135 0188 1200001A 		bne	.L9
 136 018c 011044E2 		sub	r1, r4, #1
 137 0190 0A00A0E1 		mov	r0, sl
 138 0194 FEFFFFEB 		bl	_ZN7cStringixEi
 139 0198 0030D0E5 		ldrb	r3, [r0, #0]	@ zero_extendqisi2
 140 019c 330053E3 		cmp	r3, #51
 141 01a0 0C00001A 		bne	.L9
 142 01a4 0530A0E1 		mov	r3, r5
 143 01a8 4C219FE5 		ldr	r2, .L23+20
 144 01ac 00109DE5 		ldr	r1, [sp, #0]
 145 01b0 000099E5 		ldr	r0, [r9, #0]
 146 01b4 FEFFFFEB 		bl	xQueueGenericSend
 147 01b8 010050E3 		cmp	r0, #1
 148 01bc 3C019FE5 		ldr	r0, .L23+24
 149 01c0 0100000A 		beq	.L10
 150 01c4 FEFFFFEB 		bl	rprintf
 151 01c8 020000EA 		b	.L9
 152              	.L10:
 153 01cc 00109DE5 		ldr	r1, [sp, #0]
 154 01d0 2C019FE5 		ldr	r0, .L23+28
 155 01d4 FEFFFFEB 		bl	rprintf
 156              	.L9:
 157 01d8 0A00A0E1 		mov	r0, sl
 158 01dc FEFFFFEB 		bl	_ZN7cStringD1Ev
 159 01e0 C1FFFFEA 		b	.L22
 160              	.L8:
 161 01e4 000099E5 		ldr	r0, [r9, #0]
 162 01e8 18119FE5 		ldr	r1, .L23+32
 163 01ec 08219FE5 		ldr	r2, .L23+20
 164 01f0 0030A0E3 		mov	r3, #0
 165 01f4 FEFFFFEB 		bl	xQueueGenericSend
 166 01f8 010050E3 		cmp	r0, #1
 167 01fc 0070A001 		moveq	r7, r0
 168 0200 0200000A 		beq	.L3
 169 0204 F4009FE5 		ldr	r0, .L23+24
 170 0208 FEFFFFEB 		bl	rprintf
 171 020c 0170A0E3 		mov	r7, #1
 172              	.L3:
 173 0210 400016E3 		tst	r6, #64
 174 0214 0600000A 		beq	.L12
 175 0218 0330A0E3 		mov	r3, #3
 176 021c 991F8DE2 		add	r1, sp, #612
 177 0220 023061E5 		strb	r3, [r1, #-2]!
 178 0224 0020A0E3 		mov	r2, #0
 179 0228 080099E5 		ldr	r0, [r9, #8]
 180 022c 0230A0E1 		mov	r3, r2
 181 0230 FEFFFFEB 		bl	xQueueGenericSend
 182              	.L12:
 183 0234 200016E3 		tst	r6, #32
 184 0238 0600000A 		beq	.L13
 185 023c 0230A0E3 		mov	r3, #2
 186 0240 991F8DE2 		add	r1, sp, #612
 187 0244 023061E5 		strb	r3, [r1, #-2]!
 188 0248 0020A0E3 		mov	r2, #0
 189 024c 080099E5 		ldr	r0, [r9, #8]
 190 0250 0230A0E1 		mov	r3, r2
 191 0254 FEFFFFEB 		bl	xQueueGenericSend
 192              	.L13:
 193 0258 104016E2 		ands	r4, r6, #16
 194 025c 0400A013 		movne	r0, #4
 195 0260 FEFFFF1B 		blne	pcm1774_VolumeAdjust
 196              	.L14:
 197 0264 080016E3 		tst	r6, #8
 198 0268 0300000A 		beq	.L15
 199 026c 0300E0E3 		mvn	r0, #3
 200 0270 FEFFFFEB 		bl	pcm1774_VolumeAdjust
 201 0274 000054E3 		cmp	r4, #0
 202 0278 FEFFFF1B 		blne	sta013Mute
 203              	.L15:
 204 027c 040016E3 		tst	r6, #4
 205 0280 0B00000A 		beq	.L16
 206 0284 000058E3 		cmp	r8, #0
 207 0288 0300001A 		bne	.L17
 208 028c 78009FE5 		ldr	r0, .L23+36
 209 0290 FEFFFFEB 		bl	rprintf
 210 0294 0A8088E2 		add	r8, r8, #10
 211 0298 020000EA 		b	.L18
 212              	.L17:
 213 029c 6C009FE5 		ldr	r0, .L23+40
 214 02a0 FEFFFFEB 		bl	rprintf
 215 02a4 0080A0E3 		mov	r8, #0
 216              	.L18:
 217 02a8 0000A0E3 		mov	r0, #0
 218 02ac 0810A0E1 		mov	r1, r8
 219 02b0 FEFFFFEB 		bl	pcm1774_3dSoundEffect
 220              	.L16:
 221 02b4 010016E3 		tst	r6, #1
 222 02b8 0700000A 		beq	.L19
 223 02bc 991F8DE2 		add	r1, sp, #612
 224 02c0 0130A0E3 		mov	r3, #1
 225 02c4 023061E5 		strb	r3, [r1, #-2]!
 226 02c8 0020A0E3 		mov	r2, #0
 227 02cc 080099E5 		ldr	r0, [r9, #8]
 228 02d0 0230A0E1 		mov	r3, r2
 229 02d4 FEFFFFEB 		bl	xQueueGenericSend
 230 02d8 0070A0E3 		mov	r7, #0
 231              	.L19:
 232 02dc 0A00A0E3 		mov	r0, #10
 233 02e0 FEFFFFEB 		bl	vTaskDelay
 234 02e4 52FFFFEA 		b	.L21
 235              	.L24:
 236              		.align	2
 237              	.L23:
 238 02e8 00000000 		.word	.LC0
 239 02ec 42000000 		.word	.LC1
 240 02f0 4A000000 		.word	.LC2
 241 02f4 EC000000 		.word	.LC3
 242 02f8 53000000 		.word	.LC4
 243 02fc B80B0000 		.word	3000
 244 0300 6C000000 		.word	.LC5
 245 0304 A7000000 		.word	.LC6
 246 0308 BE000000 		.word	.LC7
 247 030c C3000000 		.word	.LC8
 248 0310 D7000000 		.word	.LC9
 250              		.ident	"GCC: (GNU) 4.3.2"
DEFINED SYMBOLS
                            *ABS*:00000000 control.cpp
/cygdrive/c/Users/ADMINI~1/AppData/Local/Temp/cc6grqV5.s:29     .text:00000000 _Z11controlTaskPv
/cygdrive/c/Users/ADMINI~1/AppData/Local/Temp/cc6grqV5.s:32     .text:00000000 $a
/cygdrive/c/Users/ADMINI~1/AppData/Local/Temp/cc6grqV5.s:238    .text:000002e8 $d

UNDEFINED SYMBOLS
sta013SetVolume
xQueueGenericReceive
rprintf
sta013ResumeDecoder
sta013PauseDecoder
memcpy
f_opendir
f_readdir
_ZN7cStringC1EPKc
_ZN7cStringaSEPKc
_ZNK7cString6getLenEv
_ZN7cStringixEi
xQueueGenericSend
_ZN7cStringD1Ev
pcm1774_VolumeAdjust
sta013Mute
pcm1774_3dSoundEffect
vTaskDelay
