   1              	# 1 "../System/startup/Lpc2000ExceptionVectors.S"
   1              	/*******************************************************************************
   0              	
   0              	
   2              	*                                                                              *
   3              	* FILE:        LPC2000ExceptionVectors.S                                       *
   4              	*                                                                              *
   5              	* DESCRIPTION: Exception vector definitions for the LPC2000 microcontroller.   *
   6              	*              family.                                                         *
   7              	*              Exception vectors will be remapped to RAM if                    *
   8              	*              LPC2000_EXCEPTION_VECTORS_IN_RAM is set.                        *
   9              	*              All but the reset and IRQ are declared weak so they can be      *
  10              	*              overwritten by higher level code.                               *
  11              	*                                                                              *
  12              	* AUTHOR:      Jean-Sebastien Stoezel                                          *
  13              	*              js.stoezel@gmail.com                                            *
  14              	*                                                                              *
  15              	* Heavily influenced by Rowley's Crosswork                                     *
  16              	* Visit www.rowley.co.uk - They are good guys                                  *
  17              	*                                                                              *
  18              	* Used with Rowley's blessing                                                  *
  19              	*                                                                              *
  20              	*******************************************************************************/
  21              	
  22              	
  23              	/* FROM UM10139 */
  24              	#define SCB_MEMMAP							0xE01FC040
  25              	#define LPC2000_RAM_START					0x40000000
  26              	#define LPC2000_EXCEPTION_VECTORS_IN_RAM	1
  27              	/*******************************************************************************
  28              	*                                                                              *
  29              	* EXTERN INTERFACES                                                            *
  30              	*                                                                              *
  31              	*******************************************************************************/
  32              	
  33              	   .extern	Arm7StartupStart
  34              	   
  35              	/*******************************************************************************
  36              	*                                                                              *
  37              	* PUBLIC INTERFACES                                                            *
  38              	*                                                                              *
  39              	*******************************************************************************/
  40              	
  41              	   .WEAK  _Lpc2000ExceptionVectorsUndefinedHandler
  42              	   .WEAK  _Lpc2000ExceptionVectorsSoftwareIntHandler
  43              	   .WEAK  _Lpc2000ExceptionVectorsAbortPrefetchHandler
  44              	   .WEAK  _Lpc2000ExceptionVectorsAbortDataHandler
  45              	   .WEAK  _Lpc2000ExceptionVectorsFIQHandler
  46              	   
  47              	/*******************************************************************************
  48              	*                                                                              *
  49              	* _Lpc2000ExceptionVectors                                                     *
  50              	*                                                                              *
  51              	*******************************************************************************/
  52              	   .SECTION    .lpc2000ExceptionVectors, "ax"
  53              	   .CODE       32
  54              	   .ALIGN      0
  55              	
  56              	_Lpc2000ExceptionVectors:
  57 0000 18F09FE5 	   LDR PC, [PC, #Lpc2000ExceptionVectorsResetHandlerAddress    - . -    8]          /* Reset */
  58 0004 18F09FE5 	   LDR PC, [PC, #Lpc2000ExceptionVectorsUndefinedHandlerAddress    - . -    8]      /* Undefined in
  59 0008 18F09FE5 	   LDR PC, [PC, #Lpc2000ExceptionVectorsSoftwareIntHandlerAddress      - . -    8]  /* Software int
  60 000c 18F09FE5 	   LDR PC, [PC, #Lpc2000ExceptionVectorsAbortPrefetchHandlerAddress   - . -    8]   /* Abort prefet
  61 0010 18F09FE5 	   LDR PC, [PC, #Lpc2000ExceptionVectorsAbortDataHandlerAddress   - . -    8]       /* Abort data *
  62 0014 0000A0E1 	   NOP                                                                              /* Boot loader 
  63 0018 F0FF1FE5 	   LDR PC, [PC, #-0xFF0]                                                            /* IRQ handler 
  64 001c 10F09FE5 	   LDR PC, [PC, #Lpc2000ExceptionVectorsFIQHandlerAddress      - . -    8]          /* FIQ handler 
  65              	Lpc2000ExceptionVectorsResetHandlerAddress:
  66 0020 00000000 	   .WORD _Lpc2000ExceptionVectorsResetHandler
  67              	Lpc2000ExceptionVectorsUndefinedHandlerAddress:
  68 0024 00000000 	   .WORD _Lpc2000ExceptionVectorsUndefinedHandler
  69              	Lpc2000ExceptionVectorsSoftwareIntHandlerAddress:
  70 0028 00000000 	   .WORD _Lpc2000ExceptionVectorsSoftwareIntHandler
  71              	Lpc2000ExceptionVectorsAbortPrefetchHandlerAddress:
  72 002c 00000000 	   .WORD _Lpc2000ExceptionVectorsAbortPrefetchHandler
  73              	Lpc2000ExceptionVectorsAbortDataHandlerAddress:
  74 0030 00000000 	   .WORD _Lpc2000ExceptionVectorsAbortDataHandler
  75              	Lpc2000ExceptionVectorsFIQHandlerAddress:
  76 0034 00000000 	   .WORD _Lpc2000ExceptionVectorsFIQHandler
  77              	
  78              	
  79              	/*******************************************************************************
  80              	*                                                                              *
  81              	* _Lpc2000ExceptionVectorsResetHandler                                         *
  82              	*                                                                              *
  83              	*******************************************************************************/
  84              	   .SECTION    .init, "ax"
  85              	   .CODE       32
  86              	   .ALIGN       0
  87              	
  88              	#if LPC2000_EXCEPTION_VECTORS_IN_RAM
  89              	_Lpc2000ExceptionVectorsResetHandler:
  90              	   /* The exception vectors are copied to SRAM */
  91 0000 0181A0E3 	   MOV R8, #LPC2000_RAM_START
  92 0004 30909FE5 	   LDR R9, =_Lpc2000ExceptionVectors
  93 0008 FF00B9E8 	   LDMIA R9!, { R0 - R7 }
  94 000c FF00A8E8 	   STMIA R8!, { R0 - R7 }
  95 0010 7F00B9E8 	   LDMIA R9!, { R0 - R6 }
  96 0014 7F00A8E8 	   STMIA R8!, { R0 - R6 }
  97              	
  98              	   /* Memory Mapping control register */
  99 0018 20009FE5 	   LDR R0, =SCB_MEMMAP
 100 001c 0210A0E3 	   MOV R1, #2 /* User RAM Mode. Interrupt vectors are re-mapped to Static RAM. */
 101 0020 001080E5 	   STR R1, [R0]
 102              	   
 103              	#else
 104              	
 105              	   /* User Flash Mode. Interrupt vectors are not re-mapped and reside in Flash. */
 106              	   /* Do we need to force this? */
 107              	   
 108              	#endif
 109 0024 FEFFFFEA 	   B Arm7StartupStart
 110              	
 111              	/*******************************************************************************
 112              	*                                                                              *
 113              	* _Lpc2000ExceptionVectorsUndefinedHandler                                     *
 114              	*                                                                              *
 115              	*******************************************************************************/
 116              	
 117              	_Lpc2000ExceptionVectorsUndefinedHandler:
 118 0028 FEFFFFEA 	  B Exception_UndefinedAddress
 119              	  
 120              	/*******************************************************************************
 121              	*                                                                              *
 122              	* _Lpc2000ExceptionVectorsSoftwareIntHandler                                   *
 123              	* This is needed for FreeRTOS
 124              	*                                                                              *
 125              	*******************************************************************************/
 126              	  
 127              	_Lpc2000ExceptionVectorsSoftwareIntHandler:
 128 002c FEFFFFEA 	  B vPortYieldProcessor //Previously: _Lpc2000ExceptionVectorsSoftwareIntHandler
 129              	
 130              	
 131              	/*******************************************************************************
 132              	*                                                                              *
 133              	* _Lpc2000ExceptionVectorsAbortPrefetchHandler                                 *
 134              	*                                                                              *
 135              	*******************************************************************************/
 136              	
 137              	_Lpc2000ExceptionVectorsAbortPrefetchHandler:
 138 0030 FEFFFFEA 	   B Exception_PrefetchAbort
 139              	
 140              	
 141              	/*******************************************************************************
 142              	*                                                                              *
 143              	* _Lpc2000ExceptionVectorsAbortDataHandler                                     *
 144              	*                                                                              *
 145              	*******************************************************************************/
 146              	_Lpc2000ExceptionVectorsAbortDataHandler:
 147 0034 FEFFFFEA 	   B Exception_DataAbort
 148              	
 149              	/*******************************************************************************
 150              	*                                                                              *
 151              	* _Lpc2000ExceptionVectorsFIQHandler                                           *
 152              	*                                                                              *
 153              	*******************************************************************************/
 154              	_Lpc2000ExceptionVectorsFIQHandler:
 155 0038 FEFFFFEA 	  B Exception_FIQHandler
 155      00000000 
 155      40C01FE0 
DEFINED SYMBOLS
../System/startup/Lpc2000ExceptionVectors.S:117    .init:00000028 _Lpc2000ExceptionVectorsUndefinedHandler
../System/startup/Lpc2000ExceptionVectors.S:127    .init:0000002c _Lpc2000ExceptionVectorsSoftwareIntHandler
../System/startup/Lpc2000ExceptionVectors.S:137    .init:00000030 _Lpc2000ExceptionVectorsAbortPrefetchHandler
../System/startup/Lpc2000ExceptionVectors.S:146    .init:00000034 _Lpc2000ExceptionVectorsAbortDataHandler
../System/startup/Lpc2000ExceptionVectors.S:154    .init:00000038 _Lpc2000ExceptionVectorsFIQHandler
../System/startup/Lpc2000ExceptionVectors.S:53     .lpc2000ExceptionVectors:00000000 $a
../System/startup/Lpc2000ExceptionVectors.S:56     .lpc2000ExceptionVectors:00000000 _Lpc2000ExceptionVectors
../System/startup/Lpc2000ExceptionVectors.S:65     .lpc2000ExceptionVectors:00000020 Lpc2000ExceptionVectorsResetHandlerAddress
../System/startup/Lpc2000ExceptionVectors.S:67     .lpc2000ExceptionVectors:00000024 Lpc2000ExceptionVectorsUndefinedHandlerAddress
../System/startup/Lpc2000ExceptionVectors.S:69     .lpc2000ExceptionVectors:00000028 Lpc2000ExceptionVectorsSoftwareIntHandlerAddress
../System/startup/Lpc2000ExceptionVectors.S:71     .lpc2000ExceptionVectors:0000002c Lpc2000ExceptionVectorsAbortPrefetchHandlerAddress
../System/startup/Lpc2000ExceptionVectors.S:73     .lpc2000ExceptionVectors:00000030 Lpc2000ExceptionVectorsAbortDataHandlerAddress
../System/startup/Lpc2000ExceptionVectors.S:75     .lpc2000ExceptionVectors:00000034 Lpc2000ExceptionVectorsFIQHandlerAddress
../System/startup/Lpc2000ExceptionVectors.S:66     .lpc2000ExceptionVectors:00000020 $d
../System/startup/Lpc2000ExceptionVectors.S:89     .init:00000000 _Lpc2000ExceptionVectorsResetHandler
../System/startup/Lpc2000ExceptionVectors.S:85     .init:00000000 $a
../System/startup/Lpc2000ExceptionVectors.S:155    .init:0000003c $d

UNDEFINED SYMBOLS
Arm7StartupStart
Exception_UndefinedAddress
vPortYieldProcessor
Exception_PrefetchAbort
Exception_DataAbort
Exception_FIQHandler
